CRITICAL - 2022-04-16 02:03:10 --> Call to undefined method CodeIgniter\Database\MySQLi\Result::countAllResults()
#0 C:\laragon\www\ak1\system\CodeIgniter.php(825): App\Controllers\C_front->cek_nik()
#1 C:\laragon\www\ak1\system\CodeIgniter.php(412): CodeIgniter\CodeIgniter->runController(Object(App\Controllers\C_front))
#2 C:\laragon\www\ak1\system\CodeIgniter.php(320): CodeIgniter\CodeIgniter->handleRequest(NULL, Object(Config\Cache), false)
#3 C:\laragon\www\ak1\index.php(37): CodeIgniter\CodeIgniter->run()
#4 {main}
CRITICAL - 2022-04-16 02:03:21 --> Call to undefined method CodeIgniter\Database\MySQLi\Result::countAllResults()
#0 C:\laragon\www\ak1\system\CodeIgniter.php(825): App\Controllers\C_front->cek_nik()
#1 C:\laragon\www\ak1\system\CodeIgniter.php(412): CodeIgniter\CodeIgniter->runController(Object(App\Controllers\C_front))
#2 C:\laragon\www\ak1\system\CodeIgniter.php(320): CodeIgniter\CodeIgniter->handleRequest(NULL, Object(Config\Cache), false)
#3 C:\laragon\www\ak1\index.php(37): CodeIgniter\CodeIgniter->run()
#4 {main}
CRITICAL - 2022-04-16 02:04:18 --> Trying to get property 'nik' of non-object
#0 C:\laragon\www\ak1\app\Controllers\C_front.php(23): CodeIgniter\Debug\Exceptions->errorHandler(8, 'Trying to get p...', 'C:\\laragon\\www\\...', 23, Array)
#1 C:\laragon\www\ak1\system\CodeIgniter.php(825): App\Controllers\C_front->cek_nik()
#2 C:\laragon\www\ak1\system\CodeIgniter.php(412): CodeIgniter\CodeIgniter->runController(Object(App\Controllers\C_front))
#3 C:\laragon\www\ak1\system\CodeIgniter.php(320): CodeIgniter\CodeIgniter->handleRequest(NULL, Object(Config\Cache), false)
#4 C:\laragon\www\ak1\index.php(37): CodeIgniter\CodeIgniter->run()
#5 {main}
CRITICAL - 2022-04-16 02:04:26 --> Trying to get property 'nik' of non-object
#0 C:\laragon\www\ak1\app\Controllers\C_front.php(23): CodeIgniter\Debug\Exceptions->errorHandler(8, 'Trying to get p...', 'C:\\laragon\\www\\...', 23, Array)
#1 C:\laragon\www\ak1\system\CodeIgniter.php(825): App\Controllers\C_front->cek_nik()
#2 C:\laragon\www\ak1\system\CodeIgniter.php(412): CodeIgniter\CodeIgniter->runController(Object(App\Controllers\C_front))
#3 C:\laragon\www\ak1\system\CodeIgniter.php(320): CodeIgniter\CodeIgniter->handleRequest(NULL, Object(Config\Cache), false)
#4 C:\laragon\www\ak1\index.php(37): CodeIgniter\CodeIgniter->run()
#5 {main}
CRITICAL - 2022-04-16 02:04:34 --> Trying to get property 'nik' of non-object
#0 C:\laragon\www\ak1\app\Controllers\C_front.php(23): CodeIgniter\Debug\Exceptions->errorHandler(8, 'Trying to get p...', 'C:\\laragon\\www\\...', 23, Array)
#1 C:\laragon\www\ak1\system\CodeIgniter.php(825): App\Controllers\C_front->cek_nik()
#2 C:\laragon\www\ak1\system\CodeIgniter.php(412): CodeIgniter\CodeIgniter->runController(Object(App\Controllers\C_front))
#3 C:\laragon\www\ak1\system\CodeIgniter.php(320): CodeIgniter\CodeIgniter->handleRequest(NULL, Object(Config\Cache), false)
#4 C:\laragon\www\ak1\index.php(37): CodeIgniter\CodeIgniter->run()
#5 {main}
CRITICAL - 2022-04-16 02:04:45 --> Trying to get property 'nik' of non-object
#0 C:\laragon\www\ak1\app\Controllers\C_front.php(23): CodeIgniter\Debug\Exceptions->errorHandler(8, 'Trying to get p...', 'C:\\laragon\\www\\...', 23, Array)
#1 C:\laragon\www\ak1\system\CodeIgniter.php(825): App\Controllers\C_front->cek_nik()
#2 C:\laragon\www\ak1\system\CodeIgniter.php(412): CodeIgniter\CodeIgniter->runController(Object(App\Controllers\C_front))
#3 C:\laragon\www\ak1\system\CodeIgniter.php(320): CodeIgniter\CodeIgniter->handleRequest(NULL, Object(Config\Cache), false)
#4 C:\laragon\www\ak1\index.php(37): CodeIgniter\CodeIgniter->run()
#5 {main}
CRITICAL - 2022-04-16 02:06:17 --> Trying to get property 'nik' of non-object
#0 C:\laragon\www\ak1\app\Controllers\C_front.php(23): CodeIgniter\Debug\Exceptions->errorHandler(8, 'Trying to get p...', 'C:\\laragon\\www\\...', 23, Array)
#1 C:\laragon\www\ak1\system\CodeIgniter.php(825): App\Controllers\C_front->cek_nik()
#2 C:\laragon\www\ak1\system\CodeIgniter.php(412): CodeIgniter\CodeIgniter->runController(Object(App\Controllers\C_front))
#3 C:\laragon\www\ak1\system\CodeIgniter.php(320): CodeIgniter\CodeIgniter->handleRequest(NULL, Object(Config\Cache), false)
#4 C:\laragon\www\ak1\index.php(37): CodeIgniter\CodeIgniter->run()
#5 {main}
CRITICAL - 2022-04-16 02:44:21 --> You must set the database table to be used with your query.
#0 C:\laragon\www\ak1\system\Model.php(545): CodeIgniter\Database\BaseConnection->table(NULL)
#1 C:\laragon\www\ak1\system\Model.php(722): CodeIgniter\Model->builder()
#2 C:\laragon\www\ak1\app\Controllers\C_front.php(44): CodeIgniter\Model->__call('get_no_pendafta...', Array)
#3 C:\laragon\www\ak1\system\CodeIgniter.php(825): App\Controllers\C_front->registrasi()
#4 C:\laragon\www\ak1\system\CodeIgniter.php(412): CodeIgniter\CodeIgniter->runController(Object(App\Controllers\C_front))
#5 C:\laragon\www\ak1\system\CodeIgniter.php(320): CodeIgniter\CodeIgniter->handleRequest(NULL, Object(Config\Cache), false)
#6 C:\laragon\www\ak1\index.php(37): CodeIgniter\CodeIgniter->run()
#7 {main}
CRITICAL - 2022-04-16 02:52:09 --> Undefined variable: aktif
#0 C:\laragon\www\ak1\app\Views\template_front\V_index.php(56): CodeIgniter\Debug\Exceptions->errorHandler(8, 'Undefined varia...', 'C:\\laragon\\www\\...', 56, Array)
#1 C:\laragon\www\ak1\system\View\View.php(210): include('C:\\laragon\\www\\...')
#2 C:\laragon\www\ak1\system\View\View.php(213): CodeIgniter\View\View->CodeIgniter\View\{closure}()
#3 C:\laragon\www\ak1\system\Common.php(1089): CodeIgniter\View\View->render('template_front/...', Array, true)
#4 C:\laragon\www\ak1\app\Controllers\C_front.php(12): view('template_front/...')
#5 C:\laragon\www\ak1\system\CodeIgniter.php(825): App\Controllers\C_front->index()
#6 C:\laragon\www\ak1\system\CodeIgniter.php(412): CodeIgniter\CodeIgniter->runController(Object(App\Controllers\C_front))
#7 C:\laragon\www\ak1\system\CodeIgniter.php(320): CodeIgniter\CodeIgniter->handleRequest(NULL, Object(Config\Cache), false)
#8 C:\laragon\www\ak1\index.php(37): CodeIgniter\CodeIgniter->run()
#9 {main}
CRITICAL - 2022-04-16 04:46:38 --> Invalid file: V_home_admin_pencaker.php
#0 C:\laragon\www\ak1\system\View\View.php(198): CodeIgniter\Exceptions\FrameworkException::forInvalidFile('V_home_admin_pe...')
#1 C:\laragon\www\ak1\system\Common.php(1089): CodeIgniter\View\View->render('V_home_admin_pe...', Array, true)
#2 C:\laragon\www\ak1\app\Controllers\C_home_pencaker.php(11): view('V_home_admin_pe...', Array)
#3 C:\laragon\www\ak1\system\CodeIgniter.php(825): App\Controllers\C_home_pencaker->index()
#4 C:\laragon\www\ak1\system\CodeIgniter.php(412): CodeIgniter\CodeIgniter->runController(Object(App\Controllers\C_home_pencaker))
#5 C:\laragon\www\ak1\system\CodeIgniter.php(320): CodeIgniter\CodeIgniter->handleRequest(NULL, Object(Config\Cache), false)
#6 C:\laragon\www\ak1\index.php(37): CodeIgniter\CodeIgniter->run()
#7 {main}
CRITICAL - 2022-04-16 04:46:55 --> Undefined variable: session
#0 C:\laragon\www\ak1\app\Views\V_home_pencaker.php(10): CodeIgniter\Debug\Exceptions->errorHandler(8, 'Undefined varia...', 'C:\\laragon\\www\\...', 10, Array)
#1 C:\laragon\www\ak1\system\View\View.php(210): include('C:\\laragon\\www\\...')
#2 C:\laragon\www\ak1\system\View\View.php(213): CodeIgniter\View\View->CodeIgniter\View\{closure}()
#3 C:\laragon\www\ak1\system\Common.php(1089): CodeIgniter\View\View->render('V_home_pencaker', Array, true)
#4 C:\laragon\www\ak1\app\Controllers\C_home_pencaker.php(11): view('V_home_pencaker', Array)
#5 C:\laragon\www\ak1\system\CodeIgniter.php(825): App\Controllers\C_home_pencaker->index()
#6 C:\laragon\www\ak1\system\CodeIgniter.php(412): CodeIgniter\CodeIgniter->runController(Object(App\Controllers\C_home_pencaker))
#7 C:\laragon\www\ak1\system\CodeIgniter.php(320): CodeIgniter\CodeIgniter->handleRequest(NULL, Object(Config\Cache), false)
#8 C:\laragon\www\ak1\index.php(37): CodeIgniter\CodeIgniter->run()
#9 {main}
