CRITICAL - 2022-04-19 01:31:05 --> Trying to get property 'flag' of non-object
#0 C:\laragon\www\ak1\app\Views\pengajuan_ak1\V_pengajuan_ak1.php(21): CodeIgniter\Debug\Exceptions->errorHandler(8, 'Trying to get p...', 'C:\\laragon\\www\\...', 21, Array)
#1 C:\laragon\www\ak1\system\View\View.php(210): include('C:\\laragon\\www\\...')
#2 C:\laragon\www\ak1\system\View\View.php(213): CodeIgniter\View\View->CodeIgniter\View\{closure}()
#3 C:\laragon\www\ak1\system\Common.php(1089): CodeIgniter\View\View->render('pengajuan_ak1/V...', Array, true)
#4 C:\laragon\www\ak1\app\Controllers\C_pengajuan_ak1.php(21): view('pengajuan_ak1/V...', Array)
#5 C:\laragon\www\ak1\system\CodeIgniter.php(825): App\Controllers\C_pengajuan_ak1->index()
#6 C:\laragon\www\ak1\system\CodeIgniter.php(412): CodeIgniter\CodeIgniter->runController(Object(App\Controllers\C_pengajuan_ak1))
#7 C:\laragon\www\ak1\system\CodeIgniter.php(320): CodeIgniter\CodeIgniter->handleRequest(NULL, Object(Config\Cache), false)
#8 C:\laragon\www\ak1\index.php(37): CodeIgniter\CodeIgniter->run()
#9 {main}
CRITICAL - 2022-04-19 01:31:25 --> Trying to get property 'flag' of non-object
#0 C:\laragon\www\ak1\app\Views\pengajuan_ak1\V_pengajuan_ak1.php(21): CodeIgniter\Debug\Exceptions->errorHandler(8, 'Trying to get p...', 'C:\\laragon\\www\\...', 21, Array)
#1 C:\laragon\www\ak1\system\View\View.php(210): include('C:\\laragon\\www\\...')
#2 C:\laragon\www\ak1\system\View\View.php(213): CodeIgniter\View\View->CodeIgniter\View\{closure}()
#3 C:\laragon\www\ak1\system\Common.php(1089): CodeIgniter\View\View->render('pengajuan_ak1/V...', Array, true)
#4 C:\laragon\www\ak1\app\Controllers\C_pengajuan_ak1.php(21): view('pengajuan_ak1/V...', Array)
#5 C:\laragon\www\ak1\system\CodeIgniter.php(825): App\Controllers\C_pengajuan_ak1->index()
#6 C:\laragon\www\ak1\system\CodeIgniter.php(412): CodeIgniter\CodeIgniter->runController(Object(App\Controllers\C_pengajuan_ak1))
#7 C:\laragon\www\ak1\system\CodeIgniter.php(320): CodeIgniter\CodeIgniter->handleRequest(NULL, Object(Config\Cache), false)
#8 C:\laragon\www\ak1\index.php(37): CodeIgniter\CodeIgniter->run()
#9 {main}
CRITICAL - 2022-04-19 01:32:49 --> Trying to get property 'flag' of non-object
#0 C:\laragon\www\ak1\app\Views\pengajuan_ak1\V_pengajuan_ak1.php(21): CodeIgniter\Debug\Exceptions->errorHandler(8, 'Trying to get p...', 'C:\\laragon\\www\\...', 21, Array)
#1 C:\laragon\www\ak1\system\View\View.php(210): include('C:\\laragon\\www\\...')
#2 C:\laragon\www\ak1\system\View\View.php(213): CodeIgniter\View\View->CodeIgniter\View\{closure}()
#3 C:\laragon\www\ak1\system\Common.php(1089): CodeIgniter\View\View->render('pengajuan_ak1/V...', Array, true)
#4 C:\laragon\www\ak1\app\Controllers\C_pengajuan_ak1.php(21): view('pengajuan_ak1/V...', Array)
#5 C:\laragon\www\ak1\system\CodeIgniter.php(825): App\Controllers\C_pengajuan_ak1->index()
#6 C:\laragon\www\ak1\system\CodeIgniter.php(412): CodeIgniter\CodeIgniter->runController(Object(App\Controllers\C_pengajuan_ak1))
#7 C:\laragon\www\ak1\system\CodeIgniter.php(320): CodeIgniter\CodeIgniter->handleRequest(NULL, Object(Config\Cache), false)
#8 C:\laragon\www\ak1\index.php(37): CodeIgniter\CodeIgniter->run()
#9 {main}
CRITICAL - 2022-04-19 01:33:58 --> Trying to get property 'flag' of non-object
#0 C:\laragon\www\ak1\app\Views\pengajuan_ak1\V_pengajuan_ak1.php(21): CodeIgniter\Debug\Exceptions->errorHandler(8, 'Trying to get p...', 'C:\\laragon\\www\\...', 21, Array)
#1 C:\laragon\www\ak1\system\View\View.php(210): include('C:\\laragon\\www\\...')
#2 C:\laragon\www\ak1\system\View\View.php(213): CodeIgniter\View\View->CodeIgniter\View\{closure}()
#3 C:\laragon\www\ak1\system\Common.php(1089): CodeIgniter\View\View->render('pengajuan_ak1/V...', Array, true)
#4 C:\laragon\www\ak1\app\Controllers\C_pengajuan_ak1.php(21): view('pengajuan_ak1/V...', Array)
#5 C:\laragon\www\ak1\system\CodeIgniter.php(825): App\Controllers\C_pengajuan_ak1->index()
#6 C:\laragon\www\ak1\system\CodeIgniter.php(412): CodeIgniter\CodeIgniter->runController(Object(App\Controllers\C_pengajuan_ak1))
#7 C:\laragon\www\ak1\system\CodeIgniter.php(320): CodeIgniter\CodeIgniter->handleRequest(NULL, Object(Config\Cache), false)
#8 C:\laragon\www\ak1\index.php(37): CodeIgniter\CodeIgniter->run()
#9 {main}
CRITICAL - 2022-04-19 01:33:59 --> Trying to get property 'flag' of non-object
#0 C:\laragon\www\ak1\app\Views\pengajuan_ak1\V_pengajuan_ak1.php(21): CodeIgniter\Debug\Exceptions->errorHandler(8, 'Trying to get p...', 'C:\\laragon\\www\\...', 21, Array)
#1 C:\laragon\www\ak1\system\View\View.php(210): include('C:\\laragon\\www\\...')
#2 C:\laragon\www\ak1\system\View\View.php(213): CodeIgniter\View\View->CodeIgniter\View\{closure}()
#3 C:\laragon\www\ak1\system\Common.php(1089): CodeIgniter\View\View->render('pengajuan_ak1/V...', Array, true)
#4 C:\laragon\www\ak1\app\Controllers\C_pengajuan_ak1.php(21): view('pengajuan_ak1/V...', Array)
#5 C:\laragon\www\ak1\system\CodeIgniter.php(825): App\Controllers\C_pengajuan_ak1->index()
#6 C:\laragon\www\ak1\system\CodeIgniter.php(412): CodeIgniter\CodeIgniter->runController(Object(App\Controllers\C_pengajuan_ak1))
#7 C:\laragon\www\ak1\system\CodeIgniter.php(320): CodeIgniter\CodeIgniter->handleRequest(NULL, Object(Config\Cache), false)
#8 C:\laragon\www\ak1\index.php(37): CodeIgniter\CodeIgniter->run()
#9 {main}
CRITICAL - 2022-04-19 01:34:00 --> Trying to get property 'flag' of non-object
#0 C:\laragon\www\ak1\app\Views\pengajuan_ak1\V_pengajuan_ak1.php(21): CodeIgniter\Debug\Exceptions->errorHandler(8, 'Trying to get p...', 'C:\\laragon\\www\\...', 21, Array)
#1 C:\laragon\www\ak1\system\View\View.php(210): include('C:\\laragon\\www\\...')
#2 C:\laragon\www\ak1\system\View\View.php(213): CodeIgniter\View\View->CodeIgniter\View\{closure}()
#3 C:\laragon\www\ak1\system\Common.php(1089): CodeIgniter\View\View->render('pengajuan_ak1/V...', Array, true)
#4 C:\laragon\www\ak1\app\Controllers\C_pengajuan_ak1.php(21): view('pengajuan_ak1/V...', Array)
#5 C:\laragon\www\ak1\system\CodeIgniter.php(825): App\Controllers\C_pengajuan_ak1->index()
#6 C:\laragon\www\ak1\system\CodeIgniter.php(412): CodeIgniter\CodeIgniter->runController(Object(App\Controllers\C_pengajuan_ak1))
#7 C:\laragon\www\ak1\system\CodeIgniter.php(320): CodeIgniter\CodeIgniter->handleRequest(NULL, Object(Config\Cache), false)
#8 C:\laragon\www\ak1\index.php(37): CodeIgniter\CodeIgniter->run()
#9 {main}
CRITICAL - 2022-04-19 01:34:00 --> Trying to get property 'flag' of non-object
#0 C:\laragon\www\ak1\app\Views\pengajuan_ak1\V_pengajuan_ak1.php(21): CodeIgniter\Debug\Exceptions->errorHandler(8, 'Trying to get p...', 'C:\\laragon\\www\\...', 21, Array)
#1 C:\laragon\www\ak1\system\View\View.php(210): include('C:\\laragon\\www\\...')
#2 C:\laragon\www\ak1\system\View\View.php(213): CodeIgniter\View\View->CodeIgniter\View\{closure}()
#3 C:\laragon\www\ak1\system\Common.php(1089): CodeIgniter\View\View->render('pengajuan_ak1/V...', Array, true)
#4 C:\laragon\www\ak1\app\Controllers\C_pengajuan_ak1.php(21): view('pengajuan_ak1/V...', Array)
#5 C:\laragon\www\ak1\system\CodeIgniter.php(825): App\Controllers\C_pengajuan_ak1->index()
#6 C:\laragon\www\ak1\system\CodeIgniter.php(412): CodeIgniter\CodeIgniter->runController(Object(App\Controllers\C_pengajuan_ak1))
#7 C:\laragon\www\ak1\system\CodeIgniter.php(320): CodeIgniter\CodeIgniter->handleRequest(NULL, Object(Config\Cache), false)
#8 C:\laragon\www\ak1\index.php(37): CodeIgniter\CodeIgniter->run()
#9 {main}
CRITICAL - 2022-04-19 01:34:01 --> Trying to get property 'flag' of non-object
#0 C:\laragon\www\ak1\app\Views\pengajuan_ak1\V_pengajuan_ak1.php(21): CodeIgniter\Debug\Exceptions->errorHandler(8, 'Trying to get p...', 'C:\\laragon\\www\\...', 21, Array)
#1 C:\laragon\www\ak1\system\View\View.php(210): include('C:\\laragon\\www\\...')
#2 C:\laragon\www\ak1\system\View\View.php(213): CodeIgniter\View\View->CodeIgniter\View\{closure}()
#3 C:\laragon\www\ak1\system\Common.php(1089): CodeIgniter\View\View->render('pengajuan_ak1/V...', Array, true)
#4 C:\laragon\www\ak1\app\Controllers\C_pengajuan_ak1.php(21): view('pengajuan_ak1/V...', Array)
#5 C:\laragon\www\ak1\system\CodeIgniter.php(825): App\Controllers\C_pengajuan_ak1->index()
#6 C:\laragon\www\ak1\system\CodeIgniter.php(412): CodeIgniter\CodeIgniter->runController(Object(App\Controllers\C_pengajuan_ak1))
#7 C:\laragon\www\ak1\system\CodeIgniter.php(320): CodeIgniter\CodeIgniter->handleRequest(NULL, Object(Config\Cache), false)
#8 C:\laragon\www\ak1\index.php(37): CodeIgniter\CodeIgniter->run()
#9 {main}
CRITICAL - 2022-04-19 01:34:01 --> Trying to get property 'flag' of non-object
#0 C:\laragon\www\ak1\app\Views\pengajuan_ak1\V_pengajuan_ak1.php(21): CodeIgniter\Debug\Exceptions->errorHandler(8, 'Trying to get p...', 'C:\\laragon\\www\\...', 21, Array)
#1 C:\laragon\www\ak1\system\View\View.php(210): include('C:\\laragon\\www\\...')
#2 C:\laragon\www\ak1\system\View\View.php(213): CodeIgniter\View\View->CodeIgniter\View\{closure}()
#3 C:\laragon\www\ak1\system\Common.php(1089): CodeIgniter\View\View->render('pengajuan_ak1/V...', Array, true)
#4 C:\laragon\www\ak1\app\Controllers\C_pengajuan_ak1.php(21): view('pengajuan_ak1/V...', Array)
#5 C:\laragon\www\ak1\system\CodeIgniter.php(825): App\Controllers\C_pengajuan_ak1->index()
#6 C:\laragon\www\ak1\system\CodeIgniter.php(412): CodeIgniter\CodeIgniter->runController(Object(App\Controllers\C_pengajuan_ak1))
#7 C:\laragon\www\ak1\system\CodeIgniter.php(320): CodeIgniter\CodeIgniter->handleRequest(NULL, Object(Config\Cache), false)
#8 C:\laragon\www\ak1\index.php(37): CodeIgniter\CodeIgniter->run()
#9 {main}
CRITICAL - 2022-04-19 01:34:08 --> Trying to get property 'flag' of non-object
#0 C:\laragon\www\ak1\app\Views\pengajuan_ak1\V_pengajuan_ak1.php(21): CodeIgniter\Debug\Exceptions->errorHandler(8, 'Trying to get p...', 'C:\\laragon\\www\\...', 21, Array)
#1 C:\laragon\www\ak1\system\View\View.php(210): include('C:\\laragon\\www\\...')
#2 C:\laragon\www\ak1\system\View\View.php(213): CodeIgniter\View\View->CodeIgniter\View\{closure}()
#3 C:\laragon\www\ak1\system\Common.php(1089): CodeIgniter\View\View->render('pengajuan_ak1/V...', Array, true)
#4 C:\laragon\www\ak1\app\Controllers\C_pengajuan_ak1.php(21): view('pengajuan_ak1/V...', Array)
#5 C:\laragon\www\ak1\system\CodeIgniter.php(825): App\Controllers\C_pengajuan_ak1->index()
#6 C:\laragon\www\ak1\system\CodeIgniter.php(412): CodeIgniter\CodeIgniter->runController(Object(App\Controllers\C_pengajuan_ak1))
#7 C:\laragon\www\ak1\system\CodeIgniter.php(320): CodeIgniter\CodeIgniter->handleRequest(NULL, Object(Config\Cache), false)
#8 C:\laragon\www\ak1\index.php(37): CodeIgniter\CodeIgniter->run()
#9 {main}
CRITICAL - 2022-04-19 01:34:09 --> Trying to get property 'flag' of non-object
#0 C:\laragon\www\ak1\app\Views\pengajuan_ak1\V_pengajuan_ak1.php(21): CodeIgniter\Debug\Exceptions->errorHandler(8, 'Trying to get p...', 'C:\\laragon\\www\\...', 21, Array)
#1 C:\laragon\www\ak1\system\View\View.php(210): include('C:\\laragon\\www\\...')
#2 C:\laragon\www\ak1\system\View\View.php(213): CodeIgniter\View\View->CodeIgniter\View\{closure}()
#3 C:\laragon\www\ak1\system\Common.php(1089): CodeIgniter\View\View->render('pengajuan_ak1/V...', Array, true)
#4 C:\laragon\www\ak1\app\Controllers\C_pengajuan_ak1.php(21): view('pengajuan_ak1/V...', Array)
#5 C:\laragon\www\ak1\system\CodeIgniter.php(825): App\Controllers\C_pengajuan_ak1->index()
#6 C:\laragon\www\ak1\system\CodeIgniter.php(412): CodeIgniter\CodeIgniter->runController(Object(App\Controllers\C_pengajuan_ak1))
#7 C:\laragon\www\ak1\system\CodeIgniter.php(320): CodeIgniter\CodeIgniter->handleRequest(NULL, Object(Config\Cache), false)
#8 C:\laragon\www\ak1\index.php(37): CodeIgniter\CodeIgniter->run()
#9 {main}
CRITICAL - 2022-04-19 01:34:09 --> Trying to get property 'flag' of non-object
#0 C:\laragon\www\ak1\app\Views\pengajuan_ak1\V_pengajuan_ak1.php(21): CodeIgniter\Debug\Exceptions->errorHandler(8, 'Trying to get p...', 'C:\\laragon\\www\\...', 21, Array)
#1 C:\laragon\www\ak1\system\View\View.php(210): include('C:\\laragon\\www\\...')
#2 C:\laragon\www\ak1\system\View\View.php(213): CodeIgniter\View\View->CodeIgniter\View\{closure}()
#3 C:\laragon\www\ak1\system\Common.php(1089): CodeIgniter\View\View->render('pengajuan_ak1/V...', Array, true)
#4 C:\laragon\www\ak1\app\Controllers\C_pengajuan_ak1.php(21): view('pengajuan_ak1/V...', Array)
#5 C:\laragon\www\ak1\system\CodeIgniter.php(825): App\Controllers\C_pengajuan_ak1->index()
#6 C:\laragon\www\ak1\system\CodeIgniter.php(412): CodeIgniter\CodeIgniter->runController(Object(App\Controllers\C_pengajuan_ak1))
#7 C:\laragon\www\ak1\system\CodeIgniter.php(320): CodeIgniter\CodeIgniter->handleRequest(NULL, Object(Config\Cache), false)
#8 C:\laragon\www\ak1\index.php(37): CodeIgniter\CodeIgniter->run()
#9 {main}
CRITICAL - 2022-04-19 01:34:10 --> Trying to get property 'flag' of non-object
#0 C:\laragon\www\ak1\app\Views\pengajuan_ak1\V_pengajuan_ak1.php(21): CodeIgniter\Debug\Exceptions->errorHandler(8, 'Trying to get p...', 'C:\\laragon\\www\\...', 21, Array)
#1 C:\laragon\www\ak1\system\View\View.php(210): include('C:\\laragon\\www\\...')
#2 C:\laragon\www\ak1\system\View\View.php(213): CodeIgniter\View\View->CodeIgniter\View\{closure}()
#3 C:\laragon\www\ak1\system\Common.php(1089): CodeIgniter\View\View->render('pengajuan_ak1/V...', Array, true)
#4 C:\laragon\www\ak1\app\Controllers\C_pengajuan_ak1.php(21): view('pengajuan_ak1/V...', Array)
#5 C:\laragon\www\ak1\system\CodeIgniter.php(825): App\Controllers\C_pengajuan_ak1->index()
#6 C:\laragon\www\ak1\system\CodeIgniter.php(412): CodeIgniter\CodeIgniter->runController(Object(App\Controllers\C_pengajuan_ak1))
#7 C:\laragon\www\ak1\system\CodeIgniter.php(320): CodeIgniter\CodeIgniter->handleRequest(NULL, Object(Config\Cache), false)
#8 C:\laragon\www\ak1\index.php(37): CodeIgniter\CodeIgniter->run()
#9 {main}
CRITICAL - 2022-04-19 01:34:10 --> Trying to get property 'flag' of non-object
#0 C:\laragon\www\ak1\app\Views\pengajuan_ak1\V_pengajuan_ak1.php(21): CodeIgniter\Debug\Exceptions->errorHandler(8, 'Trying to get p...', 'C:\\laragon\\www\\...', 21, Array)
#1 C:\laragon\www\ak1\system\View\View.php(210): include('C:\\laragon\\www\\...')
#2 C:\laragon\www\ak1\system\View\View.php(213): CodeIgniter\View\View->CodeIgniter\View\{closure}()
#3 C:\laragon\www\ak1\system\Common.php(1089): CodeIgniter\View\View->render('pengajuan_ak1/V...', Array, true)
#4 C:\laragon\www\ak1\app\Controllers\C_pengajuan_ak1.php(21): view('pengajuan_ak1/V...', Array)
#5 C:\laragon\www\ak1\system\CodeIgniter.php(825): App\Controllers\C_pengajuan_ak1->index()
#6 C:\laragon\www\ak1\system\CodeIgniter.php(412): CodeIgniter\CodeIgniter->runController(Object(App\Controllers\C_pengajuan_ak1))
#7 C:\laragon\www\ak1\system\CodeIgniter.php(320): CodeIgniter\CodeIgniter->handleRequest(NULL, Object(Config\Cache), false)
#8 C:\laragon\www\ak1\index.php(37): CodeIgniter\CodeIgniter->run()
#9 {main}
CRITICAL - 2022-04-19 01:34:11 --> Trying to get property 'flag' of non-object
#0 C:\laragon\www\ak1\app\Views\pengajuan_ak1\V_pengajuan_ak1.php(21): CodeIgniter\Debug\Exceptions->errorHandler(8, 'Trying to get p...', 'C:\\laragon\\www\\...', 21, Array)
#1 C:\laragon\www\ak1\system\View\View.php(210): include('C:\\laragon\\www\\...')
#2 C:\laragon\www\ak1\system\View\View.php(213): CodeIgniter\View\View->CodeIgniter\View\{closure}()
#3 C:\laragon\www\ak1\system\Common.php(1089): CodeIgniter\View\View->render('pengajuan_ak1/V...', Array, true)
#4 C:\laragon\www\ak1\app\Controllers\C_pengajuan_ak1.php(21): view('pengajuan_ak1/V...', Array)
#5 C:\laragon\www\ak1\system\CodeIgniter.php(825): App\Controllers\C_pengajuan_ak1->index()
#6 C:\laragon\www\ak1\system\CodeIgniter.php(412): CodeIgniter\CodeIgniter->runController(Object(App\Controllers\C_pengajuan_ak1))
#7 C:\laragon\www\ak1\system\CodeIgniter.php(320): CodeIgniter\CodeIgniter->handleRequest(NULL, Object(Config\Cache), false)
#8 C:\laragon\www\ak1\index.php(37): CodeIgniter\CodeIgniter->run()
#9 {main}
CRITICAL - 2022-04-19 01:34:11 --> Trying to get property 'flag' of non-object
#0 C:\laragon\www\ak1\app\Views\pengajuan_ak1\V_pengajuan_ak1.php(21): CodeIgniter\Debug\Exceptions->errorHandler(8, 'Trying to get p...', 'C:\\laragon\\www\\...', 21, Array)
#1 C:\laragon\www\ak1\system\View\View.php(210): include('C:\\laragon\\www\\...')
#2 C:\laragon\www\ak1\system\View\View.php(213): CodeIgniter\View\View->CodeIgniter\View\{closure}()
#3 C:\laragon\www\ak1\system\Common.php(1089): CodeIgniter\View\View->render('pengajuan_ak1/V...', Array, true)
#4 C:\laragon\www\ak1\app\Controllers\C_pengajuan_ak1.php(21): view('pengajuan_ak1/V...', Array)
#5 C:\laragon\www\ak1\system\CodeIgniter.php(825): App\Controllers\C_pengajuan_ak1->index()
#6 C:\laragon\www\ak1\system\CodeIgniter.php(412): CodeIgniter\CodeIgniter->runController(Object(App\Controllers\C_pengajuan_ak1))
#7 C:\laragon\www\ak1\system\CodeIgniter.php(320): CodeIgniter\CodeIgniter->handleRequest(NULL, Object(Config\Cache), false)
#8 C:\laragon\www\ak1\index.php(37): CodeIgniter\CodeIgniter->run()
#9 {main}
CRITICAL - 2022-04-19 01:34:12 --> Trying to get property 'flag' of non-object
#0 C:\laragon\www\ak1\app\Views\pengajuan_ak1\V_pengajuan_ak1.php(21): CodeIgniter\Debug\Exceptions->errorHandler(8, 'Trying to get p...', 'C:\\laragon\\www\\...', 21, Array)
#1 C:\laragon\www\ak1\system\View\View.php(210): include('C:\\laragon\\www\\...')
#2 C:\laragon\www\ak1\system\View\View.php(213): CodeIgniter\View\View->CodeIgniter\View\{closure}()
#3 C:\laragon\www\ak1\system\Common.php(1089): CodeIgniter\View\View->render('pengajuan_ak1/V...', Array, true)
#4 C:\laragon\www\ak1\app\Controllers\C_pengajuan_ak1.php(21): view('pengajuan_ak1/V...', Array)
#5 C:\laragon\www\ak1\system\CodeIgniter.php(825): App\Controllers\C_pengajuan_ak1->index()
#6 C:\laragon\www\ak1\system\CodeIgniter.php(412): CodeIgniter\CodeIgniter->runController(Object(App\Controllers\C_pengajuan_ak1))
#7 C:\laragon\www\ak1\system\CodeIgniter.php(320): CodeIgniter\CodeIgniter->handleRequest(NULL, Object(Config\Cache), false)
#8 C:\laragon\www\ak1\index.php(37): CodeIgniter\CodeIgniter->run()
#9 {main}
CRITICAL - 2022-04-19 01:34:13 --> Trying to get property 'flag' of non-object
#0 C:\laragon\www\ak1\app\Views\pengajuan_ak1\V_pengajuan_ak1.php(21): CodeIgniter\Debug\Exceptions->errorHandler(8, 'Trying to get p...', 'C:\\laragon\\www\\...', 21, Array)
#1 C:\laragon\www\ak1\system\View\View.php(210): include('C:\\laragon\\www\\...')
#2 C:\laragon\www\ak1\system\View\View.php(213): CodeIgniter\View\View->CodeIgniter\View\{closure}()
#3 C:\laragon\www\ak1\system\Common.php(1089): CodeIgniter\View\View->render('pengajuan_ak1/V...', Array, true)
#4 C:\laragon\www\ak1\app\Controllers\C_pengajuan_ak1.php(21): view('pengajuan_ak1/V...', Array)
#5 C:\laragon\www\ak1\system\CodeIgniter.php(825): App\Controllers\C_pengajuan_ak1->index()
#6 C:\laragon\www\ak1\system\CodeIgniter.php(412): CodeIgniter\CodeIgniter->runController(Object(App\Controllers\C_pengajuan_ak1))
#7 C:\laragon\www\ak1\system\CodeIgniter.php(320): CodeIgniter\CodeIgniter->handleRequest(NULL, Object(Config\Cache), false)
#8 C:\laragon\www\ak1\index.php(37): CodeIgniter\CodeIgniter->run()
#9 {main}
CRITICAL - 2022-04-19 01:34:13 --> Trying to get property 'flag' of non-object
#0 C:\laragon\www\ak1\app\Views\pengajuan_ak1\V_pengajuan_ak1.php(21): CodeIgniter\Debug\Exceptions->errorHandler(8, 'Trying to get p...', 'C:\\laragon\\www\\...', 21, Array)
#1 C:\laragon\www\ak1\system\View\View.php(210): include('C:\\laragon\\www\\...')
#2 C:\laragon\www\ak1\system\View\View.php(213): CodeIgniter\View\View->CodeIgniter\View\{closure}()
#3 C:\laragon\www\ak1\system\Common.php(1089): CodeIgniter\View\View->render('pengajuan_ak1/V...', Array, true)
#4 C:\laragon\www\ak1\app\Controllers\C_pengajuan_ak1.php(21): view('pengajuan_ak1/V...', Array)
#5 C:\laragon\www\ak1\system\CodeIgniter.php(825): App\Controllers\C_pengajuan_ak1->index()
#6 C:\laragon\www\ak1\system\CodeIgniter.php(412): CodeIgniter\CodeIgniter->runController(Object(App\Controllers\C_pengajuan_ak1))
#7 C:\laragon\www\ak1\system\CodeIgniter.php(320): CodeIgniter\CodeIgniter->handleRequest(NULL, Object(Config\Cache), false)
#8 C:\laragon\www\ak1\index.php(37): CodeIgniter\CodeIgniter->run()
#9 {main}
CRITICAL - 2022-04-19 01:34:14 --> Trying to get property 'flag' of non-object
#0 C:\laragon\www\ak1\app\Views\pengajuan_ak1\V_pengajuan_ak1.php(21): CodeIgniter\Debug\Exceptions->errorHandler(8, 'Trying to get p...', 'C:\\laragon\\www\\...', 21, Array)
#1 C:\laragon\www\ak1\system\View\View.php(210): include('C:\\laragon\\www\\...')
#2 C:\laragon\www\ak1\system\View\View.php(213): CodeIgniter\View\View->CodeIgniter\View\{closure}()
#3 C:\laragon\www\ak1\system\Common.php(1089): CodeIgniter\View\View->render('pengajuan_ak1/V...', Array, true)
#4 C:\laragon\www\ak1\app\Controllers\C_pengajuan_ak1.php(21): view('pengajuan_ak1/V...', Array)
#5 C:\laragon\www\ak1\system\CodeIgniter.php(825): App\Controllers\C_pengajuan_ak1->index()
#6 C:\laragon\www\ak1\system\CodeIgniter.php(412): CodeIgniter\CodeIgniter->runController(Object(App\Controllers\C_pengajuan_ak1))
#7 C:\laragon\www\ak1\system\CodeIgniter.php(320): CodeIgniter\CodeIgniter->handleRequest(NULL, Object(Config\Cache), false)
#8 C:\laragon\www\ak1\index.php(37): CodeIgniter\CodeIgniter->run()
#9 {main}
CRITICAL - 2022-04-19 01:34:14 --> Trying to get property 'flag' of non-object
#0 C:\laragon\www\ak1\app\Views\pengajuan_ak1\V_pengajuan_ak1.php(21): CodeIgniter\Debug\Exceptions->errorHandler(8, 'Trying to get p...', 'C:\\laragon\\www\\...', 21, Array)
#1 C:\laragon\www\ak1\system\View\View.php(210): include('C:\\laragon\\www\\...')
#2 C:\laragon\www\ak1\system\View\View.php(213): CodeIgniter\View\View->CodeIgniter\View\{closure}()
#3 C:\laragon\www\ak1\system\Common.php(1089): CodeIgniter\View\View->render('pengajuan_ak1/V...', Array, true)
#4 C:\laragon\www\ak1\app\Controllers\C_pengajuan_ak1.php(21): view('pengajuan_ak1/V...', Array)
#5 C:\laragon\www\ak1\system\CodeIgniter.php(825): App\Controllers\C_pengajuan_ak1->index()
#6 C:\laragon\www\ak1\system\CodeIgniter.php(412): CodeIgniter\CodeIgniter->runController(Object(App\Controllers\C_pengajuan_ak1))
#7 C:\laragon\www\ak1\system\CodeIgniter.php(320): CodeIgniter\CodeIgniter->handleRequest(NULL, Object(Config\Cache), false)
#8 C:\laragon\www\ak1\index.php(37): CodeIgniter\CodeIgniter->run()
#9 {main}
CRITICAL - 2022-04-19 01:37:36 --> Trying to get property 'flag' of non-object
#0 C:\laragon\www\ak1\app\Views\pengajuan_ak1\V_pengajuan_ak1.php(21): CodeIgniter\Debug\Exceptions->errorHandler(8, 'Trying to get p...', 'C:\\laragon\\www\\...', 21, Array)
#1 C:\laragon\www\ak1\system\View\View.php(210): include('C:\\laragon\\www\\...')
#2 C:\laragon\www\ak1\system\View\View.php(213): CodeIgniter\View\View->CodeIgniter\View\{closure}()
#3 C:\laragon\www\ak1\system\Common.php(1089): CodeIgniter\View\View->render('pengajuan_ak1/V...', Array, true)
#4 C:\laragon\www\ak1\app\Controllers\C_pengajuan_ak1.php(23): view('pengajuan_ak1/V...', Array)
#5 C:\laragon\www\ak1\system\CodeIgniter.php(825): App\Controllers\C_pengajuan_ak1->index()
#6 C:\laragon\www\ak1\system\CodeIgniter.php(412): CodeIgniter\CodeIgniter->runController(Object(App\Controllers\C_pengajuan_ak1))
#7 C:\laragon\www\ak1\system\CodeIgniter.php(320): CodeIgniter\CodeIgniter->handleRequest(NULL, Object(Config\Cache), false)
#8 C:\laragon\www\ak1\index.php(37): CodeIgniter\CodeIgniter->run()
#9 {main}
CRITICAL - 2022-04-19 01:38:38 --> Trying to get property 'flag' of non-object
#0 C:\laragon\www\ak1\app\Views\pengajuan_ak1\V_pengajuan_ak1.php(21): CodeIgniter\Debug\Exceptions->errorHandler(8, 'Trying to get p...', 'C:\\laragon\\www\\...', 21, Array)
#1 C:\laragon\www\ak1\system\View\View.php(210): include('C:\\laragon\\www\\...')
#2 C:\laragon\www\ak1\system\View\View.php(213): CodeIgniter\View\View->CodeIgniter\View\{closure}()
#3 C:\laragon\www\ak1\system\Common.php(1089): CodeIgniter\View\View->render('pengajuan_ak1/V...', Array, true)
#4 C:\laragon\www\ak1\app\Controllers\C_pengajuan_ak1.php(23): view('pengajuan_ak1/V...', Array)
#5 C:\laragon\www\ak1\system\CodeIgniter.php(825): App\Controllers\C_pengajuan_ak1->index()
#6 C:\laragon\www\ak1\system\CodeIgniter.php(412): CodeIgniter\CodeIgniter->runController(Object(App\Controllers\C_pengajuan_ak1))
#7 C:\laragon\www\ak1\system\CodeIgniter.php(320): CodeIgniter\CodeIgniter->handleRequest(NULL, Object(Config\Cache), false)
#8 C:\laragon\www\ak1\index.php(37): CodeIgniter\CodeIgniter->run()
#9 {main}
CRITICAL - 2022-04-19 01:38:39 --> Trying to get property 'flag' of non-object
#0 C:\laragon\www\ak1\app\Views\pengajuan_ak1\V_pengajuan_ak1.php(21): CodeIgniter\Debug\Exceptions->errorHandler(8, 'Trying to get p...', 'C:\\laragon\\www\\...', 21, Array)
#1 C:\laragon\www\ak1\system\View\View.php(210): include('C:\\laragon\\www\\...')
#2 C:\laragon\www\ak1\system\View\View.php(213): CodeIgniter\View\View->CodeIgniter\View\{closure}()
#3 C:\laragon\www\ak1\system\Common.php(1089): CodeIgniter\View\View->render('pengajuan_ak1/V...', Array, true)
#4 C:\laragon\www\ak1\app\Controllers\C_pengajuan_ak1.php(23): view('pengajuan_ak1/V...', Array)
#5 C:\laragon\www\ak1\system\CodeIgniter.php(825): App\Controllers\C_pengajuan_ak1->index()
#6 C:\laragon\www\ak1\system\CodeIgniter.php(412): CodeIgniter\CodeIgniter->runController(Object(App\Controllers\C_pengajuan_ak1))
#7 C:\laragon\www\ak1\system\CodeIgniter.php(320): CodeIgniter\CodeIgniter->handleRequest(NULL, Object(Config\Cache), false)
#8 C:\laragon\www\ak1\index.php(37): CodeIgniter\CodeIgniter->run()
#9 {main}
CRITICAL - 2022-04-19 01:38:39 --> Trying to get property 'flag' of non-object
#0 C:\laragon\www\ak1\app\Views\pengajuan_ak1\V_pengajuan_ak1.php(21): CodeIgniter\Debug\Exceptions->errorHandler(8, 'Trying to get p...', 'C:\\laragon\\www\\...', 21, Array)
#1 C:\laragon\www\ak1\system\View\View.php(210): include('C:\\laragon\\www\\...')
#2 C:\laragon\www\ak1\system\View\View.php(213): CodeIgniter\View\View->CodeIgniter\View\{closure}()
#3 C:\laragon\www\ak1\system\Common.php(1089): CodeIgniter\View\View->render('pengajuan_ak1/V...', Array, true)
#4 C:\laragon\www\ak1\app\Controllers\C_pengajuan_ak1.php(23): view('pengajuan_ak1/V...', Array)
#5 C:\laragon\www\ak1\system\CodeIgniter.php(825): App\Controllers\C_pengajuan_ak1->index()
#6 C:\laragon\www\ak1\system\CodeIgniter.php(412): CodeIgniter\CodeIgniter->runController(Object(App\Controllers\C_pengajuan_ak1))
#7 C:\laragon\www\ak1\system\CodeIgniter.php(320): CodeIgniter\CodeIgniter->handleRequest(NULL, Object(Config\Cache), false)
#8 C:\laragon\www\ak1\index.php(37): CodeIgniter\CodeIgniter->run()
#9 {main}
CRITICAL - 2022-04-19 01:38:40 --> Trying to get property 'flag' of non-object
#0 C:\laragon\www\ak1\app\Views\pengajuan_ak1\V_pengajuan_ak1.php(21): CodeIgniter\Debug\Exceptions->errorHandler(8, 'Trying to get p...', 'C:\\laragon\\www\\...', 21, Array)
#1 C:\laragon\www\ak1\system\View\View.php(210): include('C:\\laragon\\www\\...')
#2 C:\laragon\www\ak1\system\View\View.php(213): CodeIgniter\View\View->CodeIgniter\View\{closure}()
#3 C:\laragon\www\ak1\system\Common.php(1089): CodeIgniter\View\View->render('pengajuan_ak1/V...', Array, true)
#4 C:\laragon\www\ak1\app\Controllers\C_pengajuan_ak1.php(23): view('pengajuan_ak1/V...', Array)
#5 C:\laragon\www\ak1\system\CodeIgniter.php(825): App\Controllers\C_pengajuan_ak1->index()
#6 C:\laragon\www\ak1\system\CodeIgniter.php(412): CodeIgniter\CodeIgniter->runController(Object(App\Controllers\C_pengajuan_ak1))
#7 C:\laragon\www\ak1\system\CodeIgniter.php(320): CodeIgniter\CodeIgniter->handleRequest(NULL, Object(Config\Cache), false)
#8 C:\laragon\www\ak1\index.php(37): CodeIgniter\CodeIgniter->run()
#9 {main}
CRITICAL - 2022-04-19 01:38:46 --> Trying to get property 'flag' of non-object
#0 C:\laragon\www\ak1\app\Views\pengajuan_ak1\V_pengajuan_ak1.php(21): CodeIgniter\Debug\Exceptions->errorHandler(8, 'Trying to get p...', 'C:\\laragon\\www\\...', 21, Array)
#1 C:\laragon\www\ak1\system\View\View.php(210): include('C:\\laragon\\www\\...')
#2 C:\laragon\www\ak1\system\View\View.php(213): CodeIgniter\View\View->CodeIgniter\View\{closure}()
#3 C:\laragon\www\ak1\system\Common.php(1089): CodeIgniter\View\View->render('pengajuan_ak1/V...', Array, true)
#4 C:\laragon\www\ak1\app\Controllers\C_pengajuan_ak1.php(23): view('pengajuan_ak1/V...', Array)
#5 C:\laragon\www\ak1\system\CodeIgniter.php(825): App\Controllers\C_pengajuan_ak1->index()
#6 C:\laragon\www\ak1\system\CodeIgniter.php(412): CodeIgniter\CodeIgniter->runController(Object(App\Controllers\C_pengajuan_ak1))
#7 C:\laragon\www\ak1\system\CodeIgniter.php(320): CodeIgniter\CodeIgniter->handleRequest(NULL, Object(Config\Cache), false)
#8 C:\laragon\www\ak1\index.php(37): CodeIgniter\CodeIgniter->run()
#9 {main}
CRITICAL - 2022-04-19 01:38:46 --> Trying to get property 'flag' of non-object
#0 C:\laragon\www\ak1\app\Views\pengajuan_ak1\V_pengajuan_ak1.php(21): CodeIgniter\Debug\Exceptions->errorHandler(8, 'Trying to get p...', 'C:\\laragon\\www\\...', 21, Array)
#1 C:\laragon\www\ak1\system\View\View.php(210): include('C:\\laragon\\www\\...')
#2 C:\laragon\www\ak1\system\View\View.php(213): CodeIgniter\View\View->CodeIgniter\View\{closure}()
#3 C:\laragon\www\ak1\system\Common.php(1089): CodeIgniter\View\View->render('pengajuan_ak1/V...', Array, true)
#4 C:\laragon\www\ak1\app\Controllers\C_pengajuan_ak1.php(23): view('pengajuan_ak1/V...', Array)
#5 C:\laragon\www\ak1\system\CodeIgniter.php(825): App\Controllers\C_pengajuan_ak1->index()
#6 C:\laragon\www\ak1\system\CodeIgniter.php(412): CodeIgniter\CodeIgniter->runController(Object(App\Controllers\C_pengajuan_ak1))
#7 C:\laragon\www\ak1\system\CodeIgniter.php(320): CodeIgniter\CodeIgniter->handleRequest(NULL, Object(Config\Cache), false)
#8 C:\laragon\www\ak1\index.php(37): CodeIgniter\CodeIgniter->run()
#9 {main}
CRITICAL - 2022-04-19 01:45:11 --> Trying to get property 'flag' of non-object
#0 C:\laragon\www\ak1\app\Views\pengajuan_ak1\V_pengajuan_ak1.php(21): CodeIgniter\Debug\Exceptions->errorHandler(8, 'Trying to get p...', 'C:\\laragon\\www\\...', 21, Array)
#1 C:\laragon\www\ak1\system\View\View.php(210): include('C:\\laragon\\www\\...')
#2 C:\laragon\www\ak1\system\View\View.php(213): CodeIgniter\View\View->CodeIgniter\View\{closure}()
#3 C:\laragon\www\ak1\system\Common.php(1089): CodeIgniter\View\View->render('pengajuan_ak1/V...', Array, true)
#4 C:\laragon\www\ak1\app\Controllers\C_pengajuan_ak1.php(23): view('pengajuan_ak1/V...', Array)
#5 C:\laragon\www\ak1\system\CodeIgniter.php(825): App\Controllers\C_pengajuan_ak1->index()
#6 C:\laragon\www\ak1\system\CodeIgniter.php(412): CodeIgniter\CodeIgniter->runController(Object(App\Controllers\C_pengajuan_ak1))
#7 C:\laragon\www\ak1\system\CodeIgniter.php(320): CodeIgniter\CodeIgniter->handleRequest(NULL, Object(Config\Cache), false)
#8 C:\laragon\www\ak1\index.php(37): CodeIgniter\CodeIgniter->run()
#9 {main}
CRITICAL - 2022-04-19 01:45:16 --> Trying to get property 'flag' of non-object
#0 C:\laragon\www\ak1\app\Views\pengajuan_ak1\V_pengajuan_ak1.php(21): CodeIgniter\Debug\Exceptions->errorHandler(8, 'Trying to get p...', 'C:\\laragon\\www\\...', 21, Array)
#1 C:\laragon\www\ak1\system\View\View.php(210): include('C:\\laragon\\www\\...')
#2 C:\laragon\www\ak1\system\View\View.php(213): CodeIgniter\View\View->CodeIgniter\View\{closure}()
#3 C:\laragon\www\ak1\system\Common.php(1089): CodeIgniter\View\View->render('pengajuan_ak1/V...', Array, true)
#4 C:\laragon\www\ak1\app\Controllers\C_pengajuan_ak1.php(23): view('pengajuan_ak1/V...', Array)
#5 C:\laragon\www\ak1\system\CodeIgniter.php(825): App\Controllers\C_pengajuan_ak1->index()
#6 C:\laragon\www\ak1\system\CodeIgniter.php(412): CodeIgniter\CodeIgniter->runController(Object(App\Controllers\C_pengajuan_ak1))
#7 C:\laragon\www\ak1\system\CodeIgniter.php(320): CodeIgniter\CodeIgniter->handleRequest(NULL, Object(Config\Cache), false)
#8 C:\laragon\www\ak1\index.php(37): CodeIgniter\CodeIgniter->run()
#9 {main}
CRITICAL - 2022-04-19 01:45:17 --> Trying to get property 'flag' of non-object
#0 C:\laragon\www\ak1\app\Views\pengajuan_ak1\V_pengajuan_ak1.php(21): CodeIgniter\Debug\Exceptions->errorHandler(8, 'Trying to get p...', 'C:\\laragon\\www\\...', 21, Array)
#1 C:\laragon\www\ak1\system\View\View.php(210): include('C:\\laragon\\www\\...')
#2 C:\laragon\www\ak1\system\View\View.php(213): CodeIgniter\View\View->CodeIgniter\View\{closure}()
#3 C:\laragon\www\ak1\system\Common.php(1089): CodeIgniter\View\View->render('pengajuan_ak1/V...', Array, true)
#4 C:\laragon\www\ak1\app\Controllers\C_pengajuan_ak1.php(23): view('pengajuan_ak1/V...', Array)
#5 C:\laragon\www\ak1\system\CodeIgniter.php(825): App\Controllers\C_pengajuan_ak1->index()
#6 C:\laragon\www\ak1\system\CodeIgniter.php(412): CodeIgniter\CodeIgniter->runController(Object(App\Controllers\C_pengajuan_ak1))
#7 C:\laragon\www\ak1\system\CodeIgniter.php(320): CodeIgniter\CodeIgniter->handleRequest(NULL, Object(Config\Cache), false)
#8 C:\laragon\www\ak1\index.php(37): CodeIgniter\CodeIgniter->run()
#9 {main}
CRITICAL - 2022-04-19 01:45:26 --> Trying to get property 'flag' of non-object
#0 C:\laragon\www\ak1\app\Views\pengajuan_ak1\V_pengajuan_ak1.php(21): CodeIgniter\Debug\Exceptions->errorHandler(8, 'Trying to get p...', 'C:\\laragon\\www\\...', 21, Array)
#1 C:\laragon\www\ak1\system\View\View.php(210): include('C:\\laragon\\www\\...')
#2 C:\laragon\www\ak1\system\View\View.php(213): CodeIgniter\View\View->CodeIgniter\View\{closure}()
#3 C:\laragon\www\ak1\system\Common.php(1089): CodeIgniter\View\View->render('pengajuan_ak1/V...', Array, true)
#4 C:\laragon\www\ak1\app\Controllers\C_pengajuan_ak1.php(23): view('pengajuan_ak1/V...', Array)
#5 C:\laragon\www\ak1\system\CodeIgniter.php(825): App\Controllers\C_pengajuan_ak1->index()
#6 C:\laragon\www\ak1\system\CodeIgniter.php(412): CodeIgniter\CodeIgniter->runController(Object(App\Controllers\C_pengajuan_ak1))
#7 C:\laragon\www\ak1\system\CodeIgniter.php(320): CodeIgniter\CodeIgniter->handleRequest(NULL, Object(Config\Cache), false)
#8 C:\laragon\www\ak1\index.php(37): CodeIgniter\CodeIgniter->run()
#9 {main}
CRITICAL - 2022-04-19 01:46:16 --> Call to undefined method CodeIgniter\Database\MySQLi\Builder::getRow()
#0 C:\laragon\www\ak1\system\CodeIgniter.php(825): App\Controllers\C_pengajuan_ak1->index()
#1 C:\laragon\www\ak1\system\CodeIgniter.php(412): CodeIgniter\CodeIgniter->runController(Object(App\Controllers\C_pengajuan_ak1))
#2 C:\laragon\www\ak1\system\CodeIgniter.php(320): CodeIgniter\CodeIgniter->handleRequest(NULL, Object(Config\Cache), false)
#3 C:\laragon\www\ak1\index.php(37): CodeIgniter\CodeIgniter->run()
#4 {main}
CRITICAL - 2022-04-19 01:46:23 --> Trying to get property 'flag' of non-object
#0 C:\laragon\www\ak1\app\Views\pengajuan_ak1\V_pengajuan_ak1.php(21): CodeIgniter\Debug\Exceptions->errorHandler(8, 'Trying to get p...', 'C:\\laragon\\www\\...', 21, Array)
#1 C:\laragon\www\ak1\system\View\View.php(210): include('C:\\laragon\\www\\...')
#2 C:\laragon\www\ak1\system\View\View.php(213): CodeIgniter\View\View->CodeIgniter\View\{closure}()
#3 C:\laragon\www\ak1\system\Common.php(1089): CodeIgniter\View\View->render('pengajuan_ak1/V...', Array, true)
#4 C:\laragon\www\ak1\app\Controllers\C_pengajuan_ak1.php(23): view('pengajuan_ak1/V...', Array)
#5 C:\laragon\www\ak1\system\CodeIgniter.php(825): App\Controllers\C_pengajuan_ak1->index()
#6 C:\laragon\www\ak1\system\CodeIgniter.php(412): CodeIgniter\CodeIgniter->runController(Object(App\Controllers\C_pengajuan_ak1))
#7 C:\laragon\www\ak1\system\CodeIgniter.php(320): CodeIgniter\CodeIgniter->handleRequest(NULL, Object(Config\Cache), false)
#8 C:\laragon\www\ak1\index.php(37): CodeIgniter\CodeIgniter->run()
#9 {main}
CRITICAL - 2022-04-19 01:47:26 --> Trying to get property 'flag' of non-object
#0 C:\laragon\www\ak1\app\Views\pengajuan_ak1\V_pengajuan_ak1.php(21): CodeIgniter\Debug\Exceptions->errorHandler(8, 'Trying to get p...', 'C:\\laragon\\www\\...', 21, Array)
#1 C:\laragon\www\ak1\system\View\View.php(210): include('C:\\laragon\\www\\...')
#2 C:\laragon\www\ak1\system\View\View.php(213): CodeIgniter\View\View->CodeIgniter\View\{closure}()
#3 C:\laragon\www\ak1\system\Common.php(1089): CodeIgniter\View\View->render('pengajuan_ak1/V...', Array, true)
#4 C:\laragon\www\ak1\app\Controllers\C_pengajuan_ak1.php(23): view('pengajuan_ak1/V...', Array)
#5 C:\laragon\www\ak1\system\CodeIgniter.php(825): App\Controllers\C_pengajuan_ak1->index()
#6 C:\laragon\www\ak1\system\CodeIgniter.php(412): CodeIgniter\CodeIgniter->runController(Object(App\Controllers\C_pengajuan_ak1))
#7 C:\laragon\www\ak1\system\CodeIgniter.php(320): CodeIgniter\CodeIgniter->handleRequest(NULL, Object(Config\Cache), false)
#8 C:\laragon\www\ak1\index.php(37): CodeIgniter\CodeIgniter->run()
#9 {main}
CRITICAL - 2022-04-19 01:53:40 --> Trying to get property 'flag' of non-object
#0 C:\laragon\www\ak1\app\Views\pengajuan_ak1\V_pengajuan_ak1.php(21): CodeIgniter\Debug\Exceptions->errorHandler(8, 'Trying to get p...', 'C:\\laragon\\www\\...', 21, Array)
#1 C:\laragon\www\ak1\system\View\View.php(210): include('C:\\laragon\\www\\...')
#2 C:\laragon\www\ak1\system\View\View.php(213): CodeIgniter\View\View->CodeIgniter\View\{closure}()
#3 C:\laragon\www\ak1\system\Common.php(1089): CodeIgniter\View\View->render('pengajuan_ak1/V...', Array, true)
#4 C:\laragon\www\ak1\app\Controllers\C_pengajuan_ak1.php(23): view('pengajuan_ak1/V...', Array)
#5 C:\laragon\www\ak1\system\CodeIgniter.php(825): App\Controllers\C_pengajuan_ak1->index()
#6 C:\laragon\www\ak1\system\CodeIgniter.php(412): CodeIgniter\CodeIgniter->runController(Object(App\Controllers\C_pengajuan_ak1))
#7 C:\laragon\www\ak1\system\CodeIgniter.php(320): CodeIgniter\CodeIgniter->handleRequest(NULL, Object(Config\Cache), false)
#8 C:\laragon\www\ak1\index.php(37): CodeIgniter\CodeIgniter->run()
#9 {main}
CRITICAL - 2022-04-19 01:53:41 --> Trying to get property 'flag' of non-object
#0 C:\laragon\www\ak1\app\Views\pengajuan_ak1\V_pengajuan_ak1.php(21): CodeIgniter\Debug\Exceptions->errorHandler(8, 'Trying to get p...', 'C:\\laragon\\www\\...', 21, Array)
#1 C:\laragon\www\ak1\system\View\View.php(210): include('C:\\laragon\\www\\...')
#2 C:\laragon\www\ak1\system\View\View.php(213): CodeIgniter\View\View->CodeIgniter\View\{closure}()
#3 C:\laragon\www\ak1\system\Common.php(1089): CodeIgniter\View\View->render('pengajuan_ak1/V...', Array, true)
#4 C:\laragon\www\ak1\app\Controllers\C_pengajuan_ak1.php(23): view('pengajuan_ak1/V...', Array)
#5 C:\laragon\www\ak1\system\CodeIgniter.php(825): App\Controllers\C_pengajuan_ak1->index()
#6 C:\laragon\www\ak1\system\CodeIgniter.php(412): CodeIgniter\CodeIgniter->runController(Object(App\Controllers\C_pengajuan_ak1))
#7 C:\laragon\www\ak1\system\CodeIgniter.php(320): CodeIgniter\CodeIgniter->handleRequest(NULL, Object(Config\Cache), false)
#8 C:\laragon\www\ak1\index.php(37): CodeIgniter\CodeIgniter->run()
#9 {main}
CRITICAL - 2022-04-19 01:53:41 --> Trying to get property 'flag' of non-object
#0 C:\laragon\www\ak1\app\Views\pengajuan_ak1\V_pengajuan_ak1.php(21): CodeIgniter\Debug\Exceptions->errorHandler(8, 'Trying to get p...', 'C:\\laragon\\www\\...', 21, Array)
#1 C:\laragon\www\ak1\system\View\View.php(210): include('C:\\laragon\\www\\...')
#2 C:\laragon\www\ak1\system\View\View.php(213): CodeIgniter\View\View->CodeIgniter\View\{closure}()
#3 C:\laragon\www\ak1\system\Common.php(1089): CodeIgniter\View\View->render('pengajuan_ak1/V...', Array, true)
#4 C:\laragon\www\ak1\app\Controllers\C_pengajuan_ak1.php(23): view('pengajuan_ak1/V...', Array)
#5 C:\laragon\www\ak1\system\CodeIgniter.php(825): App\Controllers\C_pengajuan_ak1->index()
#6 C:\laragon\www\ak1\system\CodeIgniter.php(412): CodeIgniter\CodeIgniter->runController(Object(App\Controllers\C_pengajuan_ak1))
#7 C:\laragon\www\ak1\system\CodeIgniter.php(320): CodeIgniter\CodeIgniter->handleRequest(NULL, Object(Config\Cache), false)
#8 C:\laragon\www\ak1\index.php(37): CodeIgniter\CodeIgniter->run()
#9 {main}
CRITICAL - 2022-04-19 01:55:56 --> Trying to get property 'flag' of non-object
#0 C:\laragon\www\ak1\app\Views\pengajuan_ak1\V_pengajuan_ak1.php(21): CodeIgniter\Debug\Exceptions->errorHandler(8, 'Trying to get p...', 'C:\\laragon\\www\\...', 21, Array)
#1 C:\laragon\www\ak1\system\View\View.php(210): include('C:\\laragon\\www\\...')
#2 C:\laragon\www\ak1\system\View\View.php(213): CodeIgniter\View\View->CodeIgniter\View\{closure}()
#3 C:\laragon\www\ak1\system\Common.php(1089): CodeIgniter\View\View->render('pengajuan_ak1/V...', Array, true)
#4 C:\laragon\www\ak1\app\Controllers\C_pengajuan_ak1.php(22): view('pengajuan_ak1/V...', Array)
#5 C:\laragon\www\ak1\system\CodeIgniter.php(825): App\Controllers\C_pengajuan_ak1->index()
#6 C:\laragon\www\ak1\system\CodeIgniter.php(412): CodeIgniter\CodeIgniter->runController(Object(App\Controllers\C_pengajuan_ak1))
#7 C:\laragon\www\ak1\system\CodeIgniter.php(320): CodeIgniter\CodeIgniter->handleRequest(NULL, Object(Config\Cache), false)
#8 C:\laragon\www\ak1\index.php(37): CodeIgniter\CodeIgniter->run()
#9 {main}
CRITICAL - 2022-04-19 01:55:56 --> Trying to get property 'flag' of non-object
#0 C:\laragon\www\ak1\app\Views\pengajuan_ak1\V_pengajuan_ak1.php(21): CodeIgniter\Debug\Exceptions->errorHandler(8, 'Trying to get p...', 'C:\\laragon\\www\\...', 21, Array)
#1 C:\laragon\www\ak1\system\View\View.php(210): include('C:\\laragon\\www\\...')
#2 C:\laragon\www\ak1\system\View\View.php(213): CodeIgniter\View\View->CodeIgniter\View\{closure}()
#3 C:\laragon\www\ak1\system\Common.php(1089): CodeIgniter\View\View->render('pengajuan_ak1/V...', Array, true)
#4 C:\laragon\www\ak1\app\Controllers\C_pengajuan_ak1.php(22): view('pengajuan_ak1/V...', Array)
#5 C:\laragon\www\ak1\system\CodeIgniter.php(825): App\Controllers\C_pengajuan_ak1->index()
#6 C:\laragon\www\ak1\system\CodeIgniter.php(412): CodeIgniter\CodeIgniter->runController(Object(App\Controllers\C_pengajuan_ak1))
#7 C:\laragon\www\ak1\system\CodeIgniter.php(320): CodeIgniter\CodeIgniter->handleRequest(NULL, Object(Config\Cache), false)
#8 C:\laragon\www\ak1\index.php(37): CodeIgniter\CodeIgniter->run()
#9 {main}
CRITICAL - 2022-04-19 01:55:57 --> Trying to get property 'flag' of non-object
#0 C:\laragon\www\ak1\app\Views\pengajuan_ak1\V_pengajuan_ak1.php(21): CodeIgniter\Debug\Exceptions->errorHandler(8, 'Trying to get p...', 'C:\\laragon\\www\\...', 21, Array)
#1 C:\laragon\www\ak1\system\View\View.php(210): include('C:\\laragon\\www\\...')
#2 C:\laragon\www\ak1\system\View\View.php(213): CodeIgniter\View\View->CodeIgniter\View\{closure}()
#3 C:\laragon\www\ak1\system\Common.php(1089): CodeIgniter\View\View->render('pengajuan_ak1/V...', Array, true)
#4 C:\laragon\www\ak1\app\Controllers\C_pengajuan_ak1.php(22): view('pengajuan_ak1/V...', Array)
#5 C:\laragon\www\ak1\system\CodeIgniter.php(825): App\Controllers\C_pengajuan_ak1->index()
#6 C:\laragon\www\ak1\system\CodeIgniter.php(412): CodeIgniter\CodeIgniter->runController(Object(App\Controllers\C_pengajuan_ak1))
#7 C:\laragon\www\ak1\system\CodeIgniter.php(320): CodeIgniter\CodeIgniter->handleRequest(NULL, Object(Config\Cache), false)
#8 C:\laragon\www\ak1\index.php(37): CodeIgniter\CodeIgniter->run()
#9 {main}
CRITICAL - 2022-04-19 01:55:58 --> Trying to get property 'flag' of non-object
#0 C:\laragon\www\ak1\app\Views\pengajuan_ak1\V_pengajuan_ak1.php(21): CodeIgniter\Debug\Exceptions->errorHandler(8, 'Trying to get p...', 'C:\\laragon\\www\\...', 21, Array)
#1 C:\laragon\www\ak1\system\View\View.php(210): include('C:\\laragon\\www\\...')
#2 C:\laragon\www\ak1\system\View\View.php(213): CodeIgniter\View\View->CodeIgniter\View\{closure}()
#3 C:\laragon\www\ak1\system\Common.php(1089): CodeIgniter\View\View->render('pengajuan_ak1/V...', Array, true)
#4 C:\laragon\www\ak1\app\Controllers\C_pengajuan_ak1.php(22): view('pengajuan_ak1/V...', Array)
#5 C:\laragon\www\ak1\system\CodeIgniter.php(825): App\Controllers\C_pengajuan_ak1->index()
#6 C:\laragon\www\ak1\system\CodeIgniter.php(412): CodeIgniter\CodeIgniter->runController(Object(App\Controllers\C_pengajuan_ak1))
#7 C:\laragon\www\ak1\system\CodeIgniter.php(320): CodeIgniter\CodeIgniter->handleRequest(NULL, Object(Config\Cache), false)
#8 C:\laragon\www\ak1\index.php(37): CodeIgniter\CodeIgniter->run()
#9 {main}
CRITICAL - 2022-04-19 01:55:58 --> Trying to get property 'flag' of non-object
#0 C:\laragon\www\ak1\app\Views\pengajuan_ak1\V_pengajuan_ak1.php(21): CodeIgniter\Debug\Exceptions->errorHandler(8, 'Trying to get p...', 'C:\\laragon\\www\\...', 21, Array)
#1 C:\laragon\www\ak1\system\View\View.php(210): include('C:\\laragon\\www\\...')
#2 C:\laragon\www\ak1\system\View\View.php(213): CodeIgniter\View\View->CodeIgniter\View\{closure}()
#3 C:\laragon\www\ak1\system\Common.php(1089): CodeIgniter\View\View->render('pengajuan_ak1/V...', Array, true)
#4 C:\laragon\www\ak1\app\Controllers\C_pengajuan_ak1.php(22): view('pengajuan_ak1/V...', Array)
#5 C:\laragon\www\ak1\system\CodeIgniter.php(825): App\Controllers\C_pengajuan_ak1->index()
#6 C:\laragon\www\ak1\system\CodeIgniter.php(412): CodeIgniter\CodeIgniter->runController(Object(App\Controllers\C_pengajuan_ak1))
#7 C:\laragon\www\ak1\system\CodeIgniter.php(320): CodeIgniter\CodeIgniter->handleRequest(NULL, Object(Config\Cache), false)
#8 C:\laragon\www\ak1\index.php(37): CodeIgniter\CodeIgniter->run()
#9 {main}
CRITICAL - 2022-04-19 01:56:00 --> Trying to get property 'flag' of non-object
#0 C:\laragon\www\ak1\app\Views\pengajuan_ak1\V_pengajuan_ak1.php(21): CodeIgniter\Debug\Exceptions->errorHandler(8, 'Trying to get p...', 'C:\\laragon\\www\\...', 21, Array)
#1 C:\laragon\www\ak1\system\View\View.php(210): include('C:\\laragon\\www\\...')
#2 C:\laragon\www\ak1\system\View\View.php(213): CodeIgniter\View\View->CodeIgniter\View\{closure}()
#3 C:\laragon\www\ak1\system\Common.php(1089): CodeIgniter\View\View->render('pengajuan_ak1/V...', Array, true)
#4 C:\laragon\www\ak1\app\Controllers\C_pengajuan_ak1.php(22): view('pengajuan_ak1/V...', Array)
#5 C:\laragon\www\ak1\system\CodeIgniter.php(825): App\Controllers\C_pengajuan_ak1->index()
#6 C:\laragon\www\ak1\system\CodeIgniter.php(412): CodeIgniter\CodeIgniter->runController(Object(App\Controllers\C_pengajuan_ak1))
#7 C:\laragon\www\ak1\system\CodeIgniter.php(320): CodeIgniter\CodeIgniter->handleRequest(NULL, Object(Config\Cache), false)
#8 C:\laragon\www\ak1\index.php(37): CodeIgniter\CodeIgniter->run()
#9 {main}
CRITICAL - 2022-04-19 01:56:03 --> Trying to get property 'flag' of non-object
#0 C:\laragon\www\ak1\app\Views\pengajuan_ak1\V_pengajuan_ak1.php(21): CodeIgniter\Debug\Exceptions->errorHandler(8, 'Trying to get p...', 'C:\\laragon\\www\\...', 21, Array)
#1 C:\laragon\www\ak1\system\View\View.php(210): include('C:\\laragon\\www\\...')
#2 C:\laragon\www\ak1\system\View\View.php(213): CodeIgniter\View\View->CodeIgniter\View\{closure}()
#3 C:\laragon\www\ak1\system\Common.php(1089): CodeIgniter\View\View->render('pengajuan_ak1/V...', Array, true)
#4 C:\laragon\www\ak1\app\Controllers\C_pengajuan_ak1.php(22): view('pengajuan_ak1/V...', Array)
#5 C:\laragon\www\ak1\system\CodeIgniter.php(825): App\Controllers\C_pengajuan_ak1->index()
#6 C:\laragon\www\ak1\system\CodeIgniter.php(412): CodeIgniter\CodeIgniter->runController(Object(App\Controllers\C_pengajuan_ak1))
#7 C:\laragon\www\ak1\system\CodeIgniter.php(320): CodeIgniter\CodeIgniter->handleRequest(NULL, Object(Config\Cache), false)
#8 C:\laragon\www\ak1\index.php(37): CodeIgniter\CodeIgniter->run()
#9 {main}
CRITICAL - 2022-04-19 02:49:44 --> Undefined variable: data
#0 C:\laragon\www\ak1\app\Views\pencaker\V_list_data.php(31): CodeIgniter\Debug\Exceptions->errorHandler(8, 'Undefined varia...', 'C:\\laragon\\www\\...', 31, Array)
#1 C:\laragon\www\ak1\system\View\View.php(210): include('C:\\laragon\\www\\...')
#2 C:\laragon\www\ak1\system\View\View.php(213): CodeIgniter\View\View->CodeIgniter\View\{closure}()
#3 C:\laragon\www\ak1\system\Common.php(1089): CodeIgniter\View\View->render('pencaker/V_list...', Array, true)
#4 C:\laragon\www\ak1\app\Controllers\C_pencaker.php(15): view('pencaker/V_list...', Array)
#5 C:\laragon\www\ak1\system\CodeIgniter.php(825): App\Controllers\C_pencaker->index()
#6 C:\laragon\www\ak1\system\CodeIgniter.php(412): CodeIgniter\CodeIgniter->runController(Object(App\Controllers\C_pencaker))
#7 C:\laragon\www\ak1\system\CodeIgniter.php(320): CodeIgniter\CodeIgniter->handleRequest(NULL, Object(Config\Cache), false)
#8 C:\laragon\www\ak1\index.php(37): CodeIgniter\CodeIgniter->run()
#9 {main}
CRITICAL - 2022-04-19 02:49:55 --> Undefined variable: judul_halaman
#0 C:\laragon\www\ak1\app\Views\template\V_main.php(88): CodeIgniter\Debug\Exceptions->errorHandler(8, 'Undefined varia...', 'C:\\laragon\\www\\...', 88, Array)
#1 C:\laragon\www\ak1\system\View\View.php(210): include('C:\\laragon\\www\\...')
#2 C:\laragon\www\ak1\system\View\View.php(213): CodeIgniter\View\View->CodeIgniter\View\{closure}()
#3 C:\laragon\www\ak1\system\View\View.php(226): CodeIgniter\View\View->render('template/V_main', Array, true)
#4 C:\laragon\www\ak1\system\Common.php(1089): CodeIgniter\View\View->render('pencaker/V_list...', Array, true)
#5 C:\laragon\www\ak1\app\Controllers\C_pencaker.php(14): view('pencaker/V_list...', Array)
#6 C:\laragon\www\ak1\system\CodeIgniter.php(825): App\Controllers\C_pencaker->index()
#7 C:\laragon\www\ak1\system\CodeIgniter.php(412): CodeIgniter\CodeIgniter->runController(Object(App\Controllers\C_pencaker))
#8 C:\laragon\www\ak1\system\CodeIgniter.php(320): CodeIgniter\CodeIgniter->handleRequest(NULL, Object(Config\Cache), false)
#9 C:\laragon\www\ak1\index.php(37): CodeIgniter\CodeIgniter->run()
#10 {main}
CRITICAL - 2022-04-19 13:59:57 --> Undefined variable: level
#0 C:\laragon\www\ak1\app\Views\template\V_menu.php(25): CodeIgniter\Debug\Exceptions->errorHandler(8, 'Undefined varia...', 'C:\\laragon\\www\\...', 25, Array)
#1 C:\laragon\www\ak1\system\View\View.php(210): include('C:\\laragon\\www\\...')
#2 C:\laragon\www\ak1\system\View\View.php(213): CodeIgniter\View\View->CodeIgniter\View\{closure}()
#3 C:\laragon\www\ak1\system\View\View.php(424): CodeIgniter\View\View->render('template/V_menu', NULL, true)
#4 C:\laragon\www\ak1\app\Views\template\V_main.php(77): CodeIgniter\View\View->include('template/V_menu')
#5 C:\laragon\www\ak1\system\View\View.php(210): include('C:\\laragon\\www\\...')
#6 C:\laragon\www\ak1\system\View\View.php(213): CodeIgniter\View\View->CodeIgniter\View\{closure}()
#7 C:\laragon\www\ak1\system\View\View.php(226): CodeIgniter\View\View->render('template/V_main', Array, true)
#8 C:\laragon\www\ak1\system\Common.php(1089): CodeIgniter\View\View->render('pengajuan_ak1_a...', Array, true)
#9 C:\laragon\www\ak1\app\Controllers\C_pengajuan.php(30): view('pengajuan_ak1_a...', Array)
#10 C:\laragon\www\ak1\system\CodeIgniter.php(825): App\Controllers\C_pengajuan->verifikasi('7')
#11 C:\laragon\www\ak1\system\CodeIgniter.php(412): CodeIgniter\CodeIgniter->runController(Object(App\Controllers\C_pengajuan))
#12 C:\laragon\www\ak1\system\CodeIgniter.php(320): CodeIgniter\CodeIgniter->handleRequest(NULL, Object(Config\Cache), false)
#13 C:\laragon\www\ak1\index.php(37): CodeIgniter\CodeIgniter->run()
#14 {main}
