CRITICAL - 2022-08-24 01:31:14 --> Undefined variable: level
#0 C:\laragon\www\ak1\app\Views\template\V_menu.php(25): CodeIgniter\Debug\Exceptions->errorHandler(8, 'Undefined varia...', 'C:\\laragon\\www\\...', 25, Array)
#1 C:\laragon\www\ak1\system\View\View.php(210): include('C:\\laragon\\www\\...')
#2 C:\laragon\www\ak1\system\View\View.php(213): CodeIgniter\View\View->CodeIgniter\View\{closure}()
#3 C:\laragon\www\ak1\system\View\View.php(424): CodeIgniter\View\View->render('template/V_menu', NULL, true)
#4 C:\laragon\www\ak1\app\Views\template\V_main.php(77): CodeIgniter\View\View->include('template/V_menu')
#5 C:\laragon\www\ak1\system\View\View.php(210): include('C:\\laragon\\www\\...')
#6 C:\laragon\www\ak1\system\View\View.php(213): CodeIgniter\View\View->CodeIgniter\View\{closure}()
#7 C:\laragon\www\ak1\system\View\View.php(226): CodeIgniter\View\View->render('template/V_main', Array, true)
#8 C:\laragon\www\ak1\system\Common.php(1089): CodeIgniter\View\View->render('pengajuan_ak1_a...', Array, true)
#9 C:\laragon\www\ak1\app\Controllers\C_pengajuan.php(15): view('pengajuan_ak1_a...', Array)
#10 C:\laragon\www\ak1\system\CodeIgniter.php(825): App\Controllers\C_pengajuan->index()
#11 C:\laragon\www\ak1\system\CodeIgniter.php(412): CodeIgniter\CodeIgniter->runController(Object(App\Controllers\C_pengajuan))
#12 C:\laragon\www\ak1\system\CodeIgniter.php(320): CodeIgniter\CodeIgniter->handleRequest(NULL, Object(Config\Cache), false)
#13 C:\laragon\www\ak1\index.php(37): CodeIgniter\CodeIgniter->run()
#14 {main}
CRITICAL - 2022-08-24 06:53:00 --> Undefined variable: data
#0 C:\laragon\www\ak1\app\Views\master\V_user.php(83): CodeIgniter\Debug\Exceptions->errorHandler(8, 'Undefined varia...', 'C:\\laragon\\www\\...', 83, Array)
#1 C:\laragon\www\ak1\system\View\View.php(210): include('C:\\laragon\\www\\...')
#2 C:\laragon\www\ak1\system\View\View.php(213): CodeIgniter\View\View->CodeIgniter\View\{closure}()
#3 C:\laragon\www\ak1\system\Common.php(1089): CodeIgniter\View\View->render('master/V_user', Array, true)
#4 C:\laragon\www\ak1\app\Controllers\C_user.php(20): view('master/V_user', Array)
#5 C:\laragon\www\ak1\system\CodeIgniter.php(825): App\Controllers\C_user->index()
#6 C:\laragon\www\ak1\system\CodeIgniter.php(412): CodeIgniter\CodeIgniter->runController(Object(App\Controllers\C_user))
#7 C:\laragon\www\ak1\system\CodeIgniter.php(320): CodeIgniter\CodeIgniter->handleRequest(NULL, Object(Config\Cache), false)
#8 C:\laragon\www\ak1\index.php(37): CodeIgniter\CodeIgniter->run()
#9 {main}
ERROR - 2022-08-24 08:20:33 --> Unknown column 'ctt_ditolak_pas_photo' in 'field list'
CRITICAL - 2022-08-24 08:20:33 --> Unknown column 'ctt_ditolak_pas_photo' in 'field list'
#0 C:\laragon\www\ak1\system\Database\MySQLi\Connection.php(292): mysqli->query('UPDATE `berkas_...', 0)
#1 C:\laragon\www\ak1\system\Database\BaseConnection.php(670): CodeIgniter\Database\MySQLi\Connection->execute('UPDATE `berkas_...')
#2 C:\laragon\www\ak1\system\Database\BaseConnection.php(598): CodeIgniter\Database\BaseConnection->simpleQuery('UPDATE `berkas_...')
#3 C:\laragon\www\ak1\system\Database\BaseBuilder.php(1913): CodeIgniter\Database\BaseConnection->query('UPDATE `berkas_...', Array, false)
#4 C:\laragon\www\ak1\app\Controllers\C_pengajuan.php(62): CodeIgniter\Database\BaseBuilder->update(Array, Array)
#5 C:\laragon\www\ak1\system\CodeIgniter.php(825): App\Controllers\C_pengajuan->tolak_berkas_pas_foto()
#6 C:\laragon\www\ak1\system\CodeIgniter.php(412): CodeIgniter\CodeIgniter->runController(Object(App\Controllers\C_pengajuan))
#7 C:\laragon\www\ak1\system\CodeIgniter.php(320): CodeIgniter\CodeIgniter->handleRequest(NULL, Object(Config\Cache), false)
#8 C:\laragon\www\ak1\index.php(37): CodeIgniter\CodeIgniter->run()
#9 {main}
ERROR - 2022-08-24 08:22:20 --> Unknown column 'ctt_ditolak_pas_photo' in 'field list'
CRITICAL - 2022-08-24 08:22:20 --> Unknown column 'ctt_ditolak_pas_photo' in 'field list'
#0 C:\laragon\www\ak1\system\Database\MySQLi\Connection.php(292): mysqli->query('UPDATE `berkas_...', 0)
#1 C:\laragon\www\ak1\system\Database\BaseConnection.php(670): CodeIgniter\Database\MySQLi\Connection->execute('UPDATE `berkas_...')
#2 C:\laragon\www\ak1\system\Database\BaseConnection.php(598): CodeIgniter\Database\BaseConnection->simpleQuery('UPDATE `berkas_...')
#3 C:\laragon\www\ak1\system\Database\BaseBuilder.php(1913): CodeIgniter\Database\BaseConnection->query('UPDATE `berkas_...', Array, false)
#4 C:\laragon\www\ak1\app\Controllers\C_pengajuan.php(62): CodeIgniter\Database\BaseBuilder->update(Array, Array)
#5 C:\laragon\www\ak1\system\CodeIgniter.php(825): App\Controllers\C_pengajuan->tolak_berkas_pas_foto()
#6 C:\laragon\www\ak1\system\CodeIgniter.php(412): CodeIgniter\CodeIgniter->runController(Object(App\Controllers\C_pengajuan))
#7 C:\laragon\www\ak1\system\CodeIgniter.php(320): CodeIgniter\CodeIgniter->handleRequest(NULL, Object(Config\Cache), false)
#8 C:\laragon\www\ak1\index.php(37): CodeIgniter\CodeIgniter->run()
#9 {main}
CRITICAL - 2022-08-24 08:23:48 --> Trying to get property 'nik' of non-object
#0 C:\laragon\www\ak1\app\Views\pengajuan_ak1_admin\V_verifikasi.php(20): CodeIgniter\Debug\Exceptions->errorHandler(8, 'Trying to get p...', 'C:\\laragon\\www\\...', 20, Array)
#1 C:\laragon\www\ak1\system\View\View.php(210): include('C:\\laragon\\www\\...')
#2 C:\laragon\www\ak1\system\View\View.php(213): CodeIgniter\View\View->CodeIgniter\View\{closure}()
#3 C:\laragon\www\ak1\system\Common.php(1089): CodeIgniter\View\View->render('pengajuan_ak1_a...', Array, true)
#4 C:\laragon\www\ak1\app\Controllers\C_pengajuan.php(30): view('pengajuan_ak1_a...', Array)
#5 C:\laragon\www\ak1\system\CodeIgniter.php(825): App\Controllers\C_pengajuan->verifikasi()
#6 C:\laragon\www\ak1\system\CodeIgniter.php(412): CodeIgniter\CodeIgniter->runController(Object(App\Controllers\C_pengajuan))
#7 C:\laragon\www\ak1\system\CodeIgniter.php(320): CodeIgniter\CodeIgniter->handleRequest(NULL, Object(Config\Cache), false)
#8 C:\laragon\www\ak1\index.php(37): CodeIgniter\CodeIgniter->run()
#9 {main}
CRITICAL - 2022-08-24 08:37:55 --> Undefined property: stdClass::$status_Ijazah
#0 C:\laragon\www\ak1\app\Views\pengajuan_ak1_admin\V_verifikasi.php(113): CodeIgniter\Debug\Exceptions->errorHandler(8, 'Undefined prope...', 'C:\\laragon\\www\\...', 113, Array)
#1 C:\laragon\www\ak1\system\View\View.php(210): include('C:\\laragon\\www\\...')
#2 C:\laragon\www\ak1\system\View\View.php(213): CodeIgniter\View\View->CodeIgniter\View\{closure}()
#3 C:\laragon\www\ak1\system\Common.php(1089): CodeIgniter\View\View->render('pengajuan_ak1_a...', Array, true)
#4 C:\laragon\www\ak1\app\Controllers\C_pengajuan.php(30): view('pengajuan_ak1_a...', Array)
#5 C:\laragon\www\ak1\system\CodeIgniter.php(825): App\Controllers\C_pengajuan->verifikasi('4')
#6 C:\laragon\www\ak1\system\CodeIgniter.php(412): CodeIgniter\CodeIgniter->runController(Object(App\Controllers\C_pengajuan))
#7 C:\laragon\www\ak1\system\CodeIgniter.php(320): CodeIgniter\CodeIgniter->handleRequest(NULL, Object(Config\Cache), false)
#8 C:\laragon\www\ak1\index.php(37): CodeIgniter\CodeIgniter->run()
#9 {main}
CRITICAL - 2022-08-24 09:15:29 --> Trying to get property 'nama_pekerjaan' of non-object
#0 C:\laragon\www\ak1\app\Views\terima_kerja\V_terima_kerja.php(76): CodeIgniter\Debug\Exceptions->errorHandler(8, 'Trying to get p...', 'C:\\laragon\\www\\...', 76, Array)
#1 C:\laragon\www\ak1\system\View\View.php(210): include('C:\\laragon\\www\\...')
#2 C:\laragon\www\ak1\system\View\View.php(213): CodeIgniter\View\View->CodeIgniter\View\{closure}()
#3 C:\laragon\www\ak1\system\Common.php(1089): CodeIgniter\View\View->render('terima_kerja/V_...', Array, true)
#4 C:\laragon\www\ak1\app\Controllers\C_terima_kerja.php(21): view('terima_kerja/V_...', Array)
#5 C:\laragon\www\ak1\system\CodeIgniter.php(825): App\Controllers\C_terima_kerja->index()
#6 C:\laragon\www\ak1\system\CodeIgniter.php(412): CodeIgniter\CodeIgniter->runController(Object(App\Controllers\C_terima_kerja))
#7 C:\laragon\www\ak1\system\CodeIgniter.php(320): CodeIgniter\CodeIgniter->handleRequest(NULL, Object(Config\Cache), false)
#8 C:\laragon\www\ak1\index.php(37): CodeIgniter\CodeIgniter->run()
#9 {main}
CRITICAL - 2022-08-24 09:16:24 --> Invalid argument supplied for foreach()
#0 C:\laragon\www\ak1\app\Views\terima_kerja\V_terima_kerja.php(71): CodeIgniter\Debug\Exceptions->errorHandler(2, 'Invalid argumen...', 'C:\\laragon\\www\\...', 71, Array)
#1 C:\laragon\www\ak1\system\View\View.php(210): include('C:\\laragon\\www\\...')
#2 C:\laragon\www\ak1\system\View\View.php(213): CodeIgniter\View\View->CodeIgniter\View\{closure}()
#3 C:\laragon\www\ak1\system\Common.php(1089): CodeIgniter\View\View->render('terima_kerja/V_...', Array, true)
#4 C:\laragon\www\ak1\app\Controllers\C_terima_kerja.php(21): view('terima_kerja/V_...', Array)
#5 C:\laragon\www\ak1\system\CodeIgniter.php(825): App\Controllers\C_terima_kerja->index()
#6 C:\laragon\www\ak1\system\CodeIgniter.php(412): CodeIgniter\CodeIgniter->runController(Object(App\Controllers\C_terima_kerja))
#7 C:\laragon\www\ak1\system\CodeIgniter.php(320): CodeIgniter\CodeIgniter->handleRequest(NULL, Object(Config\Cache), false)
#8 C:\laragon\www\ak1\index.php(37): CodeIgniter\CodeIgniter->run()
#9 {main}
CRITICAL - 2022-08-24 09:30:00 --> Trying to get property 'id' of non-object
#0 C:\laragon\www\ak1\app\Views\terima_kerja\V_terima_kerja.php(98): CodeIgniter\Debug\Exceptions->errorHandler(8, 'Trying to get p...', 'C:\\laragon\\www\\...', 98, Array)
#1 C:\laragon\www\ak1\system\View\View.php(210): include('C:\\laragon\\www\\...')
#2 C:\laragon\www\ak1\system\View\View.php(213): CodeIgniter\View\View->CodeIgniter\View\{closure}()
#3 C:\laragon\www\ak1\system\Common.php(1089): CodeIgniter\View\View->render('terima_kerja/V_...', Array, true)
#4 C:\laragon\www\ak1\app\Controllers\C_terima_kerja.php(25): view('terima_kerja/V_...', Array)
#5 C:\laragon\www\ak1\system\CodeIgniter.php(825): App\Controllers\C_terima_kerja->index()
#6 C:\laragon\www\ak1\system\CodeIgniter.php(412): CodeIgniter\CodeIgniter->runController(Object(App\Controllers\C_terima_kerja))
#7 C:\laragon\www\ak1\system\CodeIgniter.php(320): CodeIgniter\CodeIgniter->handleRequest(NULL, Object(Config\Cache), false)
#8 C:\laragon\www\ak1\index.php(37): CodeIgniter\CodeIgniter->run()
#9 {main}
CRITICAL - 2022-08-24 09:31:11 --> Trying to get property 'id' of non-object
#0 C:\laragon\www\ak1\app\Views\terima_kerja\V_terima_kerja.php(98): CodeIgniter\Debug\Exceptions->errorHandler(8, 'Trying to get p...', 'C:\\laragon\\www\\...', 98, Array)
#1 C:\laragon\www\ak1\system\View\View.php(210): include('C:\\laragon\\www\\...')
#2 C:\laragon\www\ak1\system\View\View.php(213): CodeIgniter\View\View->CodeIgniter\View\{closure}()
#3 C:\laragon\www\ak1\system\Common.php(1089): CodeIgniter\View\View->render('terima_kerja/V_...', Array, true)
#4 C:\laragon\www\ak1\app\Controllers\C_terima_kerja.php(25): view('terima_kerja/V_...', Array)
#5 C:\laragon\www\ak1\system\CodeIgniter.php(825): App\Controllers\C_terima_kerja->index()
#6 C:\laragon\www\ak1\system\CodeIgniter.php(412): CodeIgniter\CodeIgniter->runController(Object(App\Controllers\C_terima_kerja))
#7 C:\laragon\www\ak1\system\CodeIgniter.php(320): CodeIgniter\CodeIgniter->handleRequest(NULL, Object(Config\Cache), false)
#8 C:\laragon\www\ak1\index.php(37): CodeIgniter\CodeIgniter->run()
#9 {main}
CRITICAL - 2022-08-24 09:31:16 --> Trying to get property 'id' of non-object
#0 C:\laragon\www\ak1\app\Views\terima_kerja\V_terima_kerja.php(98): CodeIgniter\Debug\Exceptions->errorHandler(8, 'Trying to get p...', 'C:\\laragon\\www\\...', 98, Array)
#1 C:\laragon\www\ak1\system\View\View.php(210): include('C:\\laragon\\www\\...')
#2 C:\laragon\www\ak1\system\View\View.php(213): CodeIgniter\View\View->CodeIgniter\View\{closure}()
#3 C:\laragon\www\ak1\system\Common.php(1089): CodeIgniter\View\View->render('terima_kerja/V_...', Array, true)
#4 C:\laragon\www\ak1\app\Controllers\C_terima_kerja.php(25): view('terima_kerja/V_...', Array)
#5 C:\laragon\www\ak1\system\CodeIgniter.php(825): App\Controllers\C_terima_kerja->index()
#6 C:\laragon\www\ak1\system\CodeIgniter.php(412): CodeIgniter\CodeIgniter->runController(Object(App\Controllers\C_terima_kerja))
#7 C:\laragon\www\ak1\system\CodeIgniter.php(320): CodeIgniter\CodeIgniter->handleRequest(NULL, Object(Config\Cache), false)
#8 C:\laragon\www\ak1\index.php(37): CodeIgniter\CodeIgniter->run()
#9 {main}
CRITICAL - 2022-08-24 09:31:20 --> Trying to get property 'id' of non-object
#0 C:\laragon\www\ak1\app\Views\terima_kerja\V_terima_kerja.php(98): CodeIgniter\Debug\Exceptions->errorHandler(8, 'Trying to get p...', 'C:\\laragon\\www\\...', 98, Array)
#1 C:\laragon\www\ak1\system\View\View.php(210): include('C:\\laragon\\www\\...')
#2 C:\laragon\www\ak1\system\View\View.php(213): CodeIgniter\View\View->CodeIgniter\View\{closure}()
#3 C:\laragon\www\ak1\system\Common.php(1089): CodeIgniter\View\View->render('terima_kerja/V_...', Array, true)
#4 C:\laragon\www\ak1\app\Controllers\C_terima_kerja.php(25): view('terima_kerja/V_...', Array)
#5 C:\laragon\www\ak1\system\CodeIgniter.php(825): App\Controllers\C_terima_kerja->index()
#6 C:\laragon\www\ak1\system\CodeIgniter.php(412): CodeIgniter\CodeIgniter->runController(Object(App\Controllers\C_terima_kerja))
#7 C:\laragon\www\ak1\system\CodeIgniter.php(320): CodeIgniter\CodeIgniter->handleRequest(NULL, Object(Config\Cache), false)
#8 C:\laragon\www\ak1\index.php(37): CodeIgniter\CodeIgniter->run()
#9 {main}
