CRITICAL - 2022-04-20 03:16:04 --> A non well formed numeric value encountered
#0 [internal function]: CodeIgniter\Debug\Exceptions->errorHandler(8, 'A non well form...', 'C:\\laragon\\www\\...', 37, Array)
#1 C:\laragon\www\ak1\app\Controllers\C_pengajuan.php(37): strtotime('+2 year', '2022-04-20')
#2 C:\laragon\www\ak1\system\CodeIgniter.php(825): App\Controllers\C_pengajuan->konfirmasi_verifikasi()
#3 C:\laragon\www\ak1\system\CodeIgniter.php(412): CodeIgniter\CodeIgniter->runController(Object(App\Controllers\C_pengajuan))
#4 C:\laragon\www\ak1\system\CodeIgniter.php(320): CodeIgniter\CodeIgniter->handleRequest(NULL, Object(Config\Cache), false)
#5 C:\laragon\www\ak1\index.php(37): CodeIgniter\CodeIgniter->run()
#6 {main}
CRITICAL - 2022-04-20 03:16:50 --> A non well formed numeric value encountered
#0 [internal function]: CodeIgniter\Debug\Exceptions->errorHandler(8, 'A non well form...', 'C:\\laragon\\www\\...', 38, Array)
#1 C:\laragon\www\ak1\app\Controllers\C_pengajuan.php(38): strtotime('+2 year', '2022-04-20')
#2 C:\laragon\www\ak1\system\CodeIgniter.php(825): App\Controllers\C_pengajuan->konfirmasi_verifikasi()
#3 C:\laragon\www\ak1\system\CodeIgniter.php(412): CodeIgniter\CodeIgniter->runController(Object(App\Controllers\C_pengajuan))
#4 C:\laragon\www\ak1\system\CodeIgniter.php(320): CodeIgniter\CodeIgniter->handleRequest(NULL, Object(Config\Cache), false)
#5 C:\laragon\www\ak1\index.php(37): CodeIgniter\CodeIgniter->run()
#6 {main}
CRITICAL - 2022-04-20 03:18:08 --> A non well formed numeric value encountered
#0 [internal function]: CodeIgniter\Debug\Exceptions->errorHandler(8, 'A non well form...', 'C:\\laragon\\www\\...', 38, Array)
#1 C:\laragon\www\ak1\app\Controllers\C_pengajuan.php(38): strtotime('+2 year', '2022-04-20')
#2 C:\laragon\www\ak1\system\CodeIgniter.php(825): App\Controllers\C_pengajuan->konfirmasi_verifikasi()
#3 C:\laragon\www\ak1\system\CodeIgniter.php(412): CodeIgniter\CodeIgniter->runController(Object(App\Controllers\C_pengajuan))
#4 C:\laragon\www\ak1\system\CodeIgniter.php(320): CodeIgniter\CodeIgniter->handleRequest(NULL, Object(Config\Cache), false)
#5 C:\laragon\www\ak1\index.php(37): CodeIgniter\CodeIgniter->run()
#6 {main}
