CRITICAL - 2022-04-17 02:58:51 --> Undefined variable: kecamata
#0 C:\laragon\www\ak1\app\Views\pengajuan_ak1\V_biodata.php(75): CodeIgniter\Debug\Exceptions->errorHandler(8, 'Undefined varia...', 'C:\\laragon\\www\\...', 75, Array)
#1 C:\laragon\www\ak1\system\View\View.php(210): include('C:\\laragon\\www\\...')
#2 C:\laragon\www\ak1\system\View\View.php(213): CodeIgniter\View\View->CodeIgniter\View\{closure}()
#3 C:\laragon\www\ak1\system\Common.php(1089): CodeIgniter\View\View->render('pengajuan_ak1/V...', Array, true)
#4 C:\laragon\www\ak1\app\Controllers\C_pengajuan_ak1.php(24): view('pengajuan_ak1/V...', Array)
#5 C:\laragon\www\ak1\system\CodeIgniter.php(825): App\Controllers\C_pengajuan_ak1->biodata()
#6 C:\laragon\www\ak1\system\CodeIgniter.php(412): CodeIgniter\CodeIgniter->runController(Object(App\Controllers\C_pengajuan_ak1))
#7 C:\laragon\www\ak1\system\CodeIgniter.php(320): CodeIgniter\CodeIgniter->handleRequest(NULL, Object(Config\Cache), false)
#8 C:\laragon\www\ak1\index.php(37): CodeIgniter\CodeIgniter->run()
#9 {main}
CRITICAL - 2022-04-17 04:05:48 --> Trying to get property 'flag' of non-object
#0 C:\laragon\www\ak1\app\Views\pengajuan_ak1\V_pengajuan_ak1.php(21): CodeIgniter\Debug\Exceptions->errorHandler(8, 'Trying to get p...', 'C:\\laragon\\www\\...', 21, Array)
#1 C:\laragon\www\ak1\system\View\View.php(210): include('C:\\laragon\\www\\...')
#2 C:\laragon\www\ak1\system\View\View.php(213): CodeIgniter\View\View->CodeIgniter\View\{closure}()
#3 C:\laragon\www\ak1\system\Common.php(1089): CodeIgniter\View\View->render('pengajuan_ak1/V...', Array, true)
#4 C:\laragon\www\ak1\app\Controllers\C_pengajuan_ak1.php(19): view('pengajuan_ak1/V...', Array)
#5 C:\laragon\www\ak1\system\CodeIgniter.php(825): App\Controllers\C_pengajuan_ak1->index()
#6 C:\laragon\www\ak1\system\CodeIgniter.php(412): CodeIgniter\CodeIgniter->runController(Object(App\Controllers\C_pengajuan_ak1))
#7 C:\laragon\www\ak1\system\CodeIgniter.php(320): CodeIgniter\CodeIgniter->handleRequest(NULL, Object(Config\Cache), false)
#8 C:\laragon\www\ak1\index.php(37): CodeIgniter\CodeIgniter->run()
#9 {main}
CRITICAL - 2022-04-17 04:06:47 --> Trying to get property 'flag' of non-object
#0 C:\laragon\www\ak1\app\Views\pengajuan_ak1\V_pengajuan_ak1.php(21): CodeIgniter\Debug\Exceptions->errorHandler(8, 'Trying to get p...', 'C:\\laragon\\www\\...', 21, Array)
#1 C:\laragon\www\ak1\system\View\View.php(210): include('C:\\laragon\\www\\...')
#2 C:\laragon\www\ak1\system\View\View.php(213): CodeIgniter\View\View->CodeIgniter\View\{closure}()
#3 C:\laragon\www\ak1\system\Common.php(1089): CodeIgniter\View\View->render('pengajuan_ak1/V...', Array, true)
#4 C:\laragon\www\ak1\app\Controllers\C_pengajuan_ak1.php(19): view('pengajuan_ak1/V...', Array)
#5 C:\laragon\www\ak1\system\CodeIgniter.php(825): App\Controllers\C_pengajuan_ak1->index()
#6 C:\laragon\www\ak1\system\CodeIgniter.php(412): CodeIgniter\CodeIgniter->runController(Object(App\Controllers\C_pengajuan_ak1))
#7 C:\laragon\www\ak1\system\CodeIgniter.php(320): CodeIgniter\CodeIgniter->handleRequest(NULL, Object(Config\Cache), false)
#8 C:\laragon\www\ak1\index.php(37): CodeIgniter\CodeIgniter->run()
#9 {main}
CRITICAL - 2022-04-17 04:08:53 --> Trying to get property 'flag' of non-object
#0 C:\laragon\www\ak1\app\Views\pengajuan_ak1\V_pengajuan_ak1.php(21): CodeIgniter\Debug\Exceptions->errorHandler(8, 'Trying to get p...', 'C:\\laragon\\www\\...', 21, Array)
#1 C:\laragon\www\ak1\system\View\View.php(210): include('C:\\laragon\\www\\...')
#2 C:\laragon\www\ak1\system\View\View.php(213): CodeIgniter\View\View->CodeIgniter\View\{closure}()
#3 C:\laragon\www\ak1\system\Common.php(1089): CodeIgniter\View\View->render('pengajuan_ak1/V...', Array, true)
#4 C:\laragon\www\ak1\app\Controllers\C_pengajuan_ak1.php(19): view('pengajuan_ak1/V...', Array)
#5 C:\laragon\www\ak1\system\CodeIgniter.php(825): App\Controllers\C_pengajuan_ak1->index()
#6 C:\laragon\www\ak1\system\CodeIgniter.php(412): CodeIgniter\CodeIgniter->runController(Object(App\Controllers\C_pengajuan_ak1))
#7 C:\laragon\www\ak1\system\CodeIgniter.php(320): CodeIgniter\CodeIgniter->handleRequest(NULL, Object(Config\Cache), false)
#8 C:\laragon\www\ak1\index.php(37): CodeIgniter\CodeIgniter->run()
#9 {main}
CRITICAL - 2022-04-17 04:08:53 --> Trying to get property 'flag' of non-object
#0 C:\laragon\www\ak1\app\Views\pengajuan_ak1\V_pengajuan_ak1.php(21): CodeIgniter\Debug\Exceptions->errorHandler(8, 'Trying to get p...', 'C:\\laragon\\www\\...', 21, Array)
#1 C:\laragon\www\ak1\system\View\View.php(210): include('C:\\laragon\\www\\...')
#2 C:\laragon\www\ak1\system\View\View.php(213): CodeIgniter\View\View->CodeIgniter\View\{closure}()
#3 C:\laragon\www\ak1\system\Common.php(1089): CodeIgniter\View\View->render('pengajuan_ak1/V...', Array, true)
#4 C:\laragon\www\ak1\app\Controllers\C_pengajuan_ak1.php(19): view('pengajuan_ak1/V...', Array)
#5 C:\laragon\www\ak1\system\CodeIgniter.php(825): App\Controllers\C_pengajuan_ak1->index()
#6 C:\laragon\www\ak1\system\CodeIgniter.php(412): CodeIgniter\CodeIgniter->runController(Object(App\Controllers\C_pengajuan_ak1))
#7 C:\laragon\www\ak1\system\CodeIgniter.php(320): CodeIgniter\CodeIgniter->handleRequest(NULL, Object(Config\Cache), false)
#8 C:\laragon\www\ak1\index.php(37): CodeIgniter\CodeIgniter->run()
#9 {main}
CRITICAL - 2022-04-17 04:08:54 --> Trying to get property 'flag' of non-object
#0 C:\laragon\www\ak1\app\Views\pengajuan_ak1\V_pengajuan_ak1.php(21): CodeIgniter\Debug\Exceptions->errorHandler(8, 'Trying to get p...', 'C:\\laragon\\www\\...', 21, Array)
#1 C:\laragon\www\ak1\system\View\View.php(210): include('C:\\laragon\\www\\...')
#2 C:\laragon\www\ak1\system\View\View.php(213): CodeIgniter\View\View->CodeIgniter\View\{closure}()
#3 C:\laragon\www\ak1\system\Common.php(1089): CodeIgniter\View\View->render('pengajuan_ak1/V...', Array, true)
#4 C:\laragon\www\ak1\app\Controllers\C_pengajuan_ak1.php(19): view('pengajuan_ak1/V...', Array)
#5 C:\laragon\www\ak1\system\CodeIgniter.php(825): App\Controllers\C_pengajuan_ak1->index()
#6 C:\laragon\www\ak1\system\CodeIgniter.php(412): CodeIgniter\CodeIgniter->runController(Object(App\Controllers\C_pengajuan_ak1))
#7 C:\laragon\www\ak1\system\CodeIgniter.php(320): CodeIgniter\CodeIgniter->handleRequest(NULL, Object(Config\Cache), false)
#8 C:\laragon\www\ak1\index.php(37): CodeIgniter\CodeIgniter->run()
#9 {main}
CRITICAL - 2022-04-17 04:08:54 --> Trying to get property 'flag' of non-object
#0 C:\laragon\www\ak1\app\Views\pengajuan_ak1\V_pengajuan_ak1.php(21): CodeIgniter\Debug\Exceptions->errorHandler(8, 'Trying to get p...', 'C:\\laragon\\www\\...', 21, Array)
#1 C:\laragon\www\ak1\system\View\View.php(210): include('C:\\laragon\\www\\...')
#2 C:\laragon\www\ak1\system\View\View.php(213): CodeIgniter\View\View->CodeIgniter\View\{closure}()
#3 C:\laragon\www\ak1\system\Common.php(1089): CodeIgniter\View\View->render('pengajuan_ak1/V...', Array, true)
#4 C:\laragon\www\ak1\app\Controllers\C_pengajuan_ak1.php(19): view('pengajuan_ak1/V...', Array)
#5 C:\laragon\www\ak1\system\CodeIgniter.php(825): App\Controllers\C_pengajuan_ak1->index()
#6 C:\laragon\www\ak1\system\CodeIgniter.php(412): CodeIgniter\CodeIgniter->runController(Object(App\Controllers\C_pengajuan_ak1))
#7 C:\laragon\www\ak1\system\CodeIgniter.php(320): CodeIgniter\CodeIgniter->handleRequest(NULL, Object(Config\Cache), false)
#8 C:\laragon\www\ak1\index.php(37): CodeIgniter\CodeIgniter->run()
#9 {main}
CRITICAL - 2022-04-17 04:08:55 --> Trying to get property 'flag' of non-object
#0 C:\laragon\www\ak1\app\Views\pengajuan_ak1\V_pengajuan_ak1.php(21): CodeIgniter\Debug\Exceptions->errorHandler(8, 'Trying to get p...', 'C:\\laragon\\www\\...', 21, Array)
#1 C:\laragon\www\ak1\system\View\View.php(210): include('C:\\laragon\\www\\...')
#2 C:\laragon\www\ak1\system\View\View.php(213): CodeIgniter\View\View->CodeIgniter\View\{closure}()
#3 C:\laragon\www\ak1\system\Common.php(1089): CodeIgniter\View\View->render('pengajuan_ak1/V...', Array, true)
#4 C:\laragon\www\ak1\app\Controllers\C_pengajuan_ak1.php(19): view('pengajuan_ak1/V...', Array)
#5 C:\laragon\www\ak1\system\CodeIgniter.php(825): App\Controllers\C_pengajuan_ak1->index()
#6 C:\laragon\www\ak1\system\CodeIgniter.php(412): CodeIgniter\CodeIgniter->runController(Object(App\Controllers\C_pengajuan_ak1))
#7 C:\laragon\www\ak1\system\CodeIgniter.php(320): CodeIgniter\CodeIgniter->handleRequest(NULL, Object(Config\Cache), false)
#8 C:\laragon\www\ak1\index.php(37): CodeIgniter\CodeIgniter->run()
#9 {main}
CRITICAL - 2022-04-17 04:08:55 --> Trying to get property 'flag' of non-object
#0 C:\laragon\www\ak1\app\Views\pengajuan_ak1\V_pengajuan_ak1.php(21): CodeIgniter\Debug\Exceptions->errorHandler(8, 'Trying to get p...', 'C:\\laragon\\www\\...', 21, Array)
#1 C:\laragon\www\ak1\system\View\View.php(210): include('C:\\laragon\\www\\...')
#2 C:\laragon\www\ak1\system\View\View.php(213): CodeIgniter\View\View->CodeIgniter\View\{closure}()
#3 C:\laragon\www\ak1\system\Common.php(1089): CodeIgniter\View\View->render('pengajuan_ak1/V...', Array, true)
#4 C:\laragon\www\ak1\app\Controllers\C_pengajuan_ak1.php(19): view('pengajuan_ak1/V...', Array)
#5 C:\laragon\www\ak1\system\CodeIgniter.php(825): App\Controllers\C_pengajuan_ak1->index()
#6 C:\laragon\www\ak1\system\CodeIgniter.php(412): CodeIgniter\CodeIgniter->runController(Object(App\Controllers\C_pengajuan_ak1))
#7 C:\laragon\www\ak1\system\CodeIgniter.php(320): CodeIgniter\CodeIgniter->handleRequest(NULL, Object(Config\Cache), false)
#8 C:\laragon\www\ak1\index.php(37): CodeIgniter\CodeIgniter->run()
#9 {main}
CRITICAL - 2022-04-17 04:08:56 --> Trying to get property 'flag' of non-object
#0 C:\laragon\www\ak1\app\Views\pengajuan_ak1\V_pengajuan_ak1.php(21): CodeIgniter\Debug\Exceptions->errorHandler(8, 'Trying to get p...', 'C:\\laragon\\www\\...', 21, Array)
#1 C:\laragon\www\ak1\system\View\View.php(210): include('C:\\laragon\\www\\...')
#2 C:\laragon\www\ak1\system\View\View.php(213): CodeIgniter\View\View->CodeIgniter\View\{closure}()
#3 C:\laragon\www\ak1\system\Common.php(1089): CodeIgniter\View\View->render('pengajuan_ak1/V...', Array, true)
#4 C:\laragon\www\ak1\app\Controllers\C_pengajuan_ak1.php(19): view('pengajuan_ak1/V...', Array)
#5 C:\laragon\www\ak1\system\CodeIgniter.php(825): App\Controllers\C_pengajuan_ak1->index()
#6 C:\laragon\www\ak1\system\CodeIgniter.php(412): CodeIgniter\CodeIgniter->runController(Object(App\Controllers\C_pengajuan_ak1))
#7 C:\laragon\www\ak1\system\CodeIgniter.php(320): CodeIgniter\CodeIgniter->handleRequest(NULL, Object(Config\Cache), false)
#8 C:\laragon\www\ak1\index.php(37): CodeIgniter\CodeIgniter->run()
#9 {main}
CRITICAL - 2022-04-17 04:08:56 --> Trying to get property 'flag' of non-object
#0 C:\laragon\www\ak1\app\Views\pengajuan_ak1\V_pengajuan_ak1.php(21): CodeIgniter\Debug\Exceptions->errorHandler(8, 'Trying to get p...', 'C:\\laragon\\www\\...', 21, Array)
#1 C:\laragon\www\ak1\system\View\View.php(210): include('C:\\laragon\\www\\...')
#2 C:\laragon\www\ak1\system\View\View.php(213): CodeIgniter\View\View->CodeIgniter\View\{closure}()
#3 C:\laragon\www\ak1\system\Common.php(1089): CodeIgniter\View\View->render('pengajuan_ak1/V...', Array, true)
#4 C:\laragon\www\ak1\app\Controllers\C_pengajuan_ak1.php(19): view('pengajuan_ak1/V...', Array)
#5 C:\laragon\www\ak1\system\CodeIgniter.php(825): App\Controllers\C_pengajuan_ak1->index()
#6 C:\laragon\www\ak1\system\CodeIgniter.php(412): CodeIgniter\CodeIgniter->runController(Object(App\Controllers\C_pengajuan_ak1))
#7 C:\laragon\www\ak1\system\CodeIgniter.php(320): CodeIgniter\CodeIgniter->handleRequest(NULL, Object(Config\Cache), false)
#8 C:\laragon\www\ak1\index.php(37): CodeIgniter\CodeIgniter->run()
#9 {main}
CRITICAL - 2022-04-17 04:11:20 --> Trying to get property 'flag' of non-object
#0 C:\laragon\www\ak1\app\Views\pengajuan_ak1\V_pengajuan_ak1.php(21): CodeIgniter\Debug\Exceptions->errorHandler(8, 'Trying to get p...', 'C:\\laragon\\www\\...', 21, Array)
#1 C:\laragon\www\ak1\system\View\View.php(210): include('C:\\laragon\\www\\...')
#2 C:\laragon\www\ak1\system\View\View.php(213): CodeIgniter\View\View->CodeIgniter\View\{closure}()
#3 C:\laragon\www\ak1\system\Common.php(1089): CodeIgniter\View\View->render('pengajuan_ak1/V...', Array, true)
#4 C:\laragon\www\ak1\app\Controllers\C_pengajuan_ak1.php(19): view('pengajuan_ak1/V...', Array)
#5 C:\laragon\www\ak1\system\CodeIgniter.php(825): App\Controllers\C_pengajuan_ak1->index()
#6 C:\laragon\www\ak1\system\CodeIgniter.php(412): CodeIgniter\CodeIgniter->runController(Object(App\Controllers\C_pengajuan_ak1))
#7 C:\laragon\www\ak1\system\CodeIgniter.php(320): CodeIgniter\CodeIgniter->handleRequest(NULL, Object(Config\Cache), false)
#8 C:\laragon\www\ak1\index.php(37): CodeIgniter\CodeIgniter->run()
#9 {main}
CRITICAL - 2022-04-17 04:11:21 --> Trying to get property 'flag' of non-object
#0 C:\laragon\www\ak1\app\Views\pengajuan_ak1\V_pengajuan_ak1.php(21): CodeIgniter\Debug\Exceptions->errorHandler(8, 'Trying to get p...', 'C:\\laragon\\www\\...', 21, Array)
#1 C:\laragon\www\ak1\system\View\View.php(210): include('C:\\laragon\\www\\...')
#2 C:\laragon\www\ak1\system\View\View.php(213): CodeIgniter\View\View->CodeIgniter\View\{closure}()
#3 C:\laragon\www\ak1\system\Common.php(1089): CodeIgniter\View\View->render('pengajuan_ak1/V...', Array, true)
#4 C:\laragon\www\ak1\app\Controllers\C_pengajuan_ak1.php(19): view('pengajuan_ak1/V...', Array)
#5 C:\laragon\www\ak1\system\CodeIgniter.php(825): App\Controllers\C_pengajuan_ak1->index()
#6 C:\laragon\www\ak1\system\CodeIgniter.php(412): CodeIgniter\CodeIgniter->runController(Object(App\Controllers\C_pengajuan_ak1))
#7 C:\laragon\www\ak1\system\CodeIgniter.php(320): CodeIgniter\CodeIgniter->handleRequest(NULL, Object(Config\Cache), false)
#8 C:\laragon\www\ak1\index.php(37): CodeIgniter\CodeIgniter->run()
#9 {main}
CRITICAL - 2022-04-17 04:11:21 --> Trying to get property 'flag' of non-object
#0 C:\laragon\www\ak1\app\Views\pengajuan_ak1\V_pengajuan_ak1.php(21): CodeIgniter\Debug\Exceptions->errorHandler(8, 'Trying to get p...', 'C:\\laragon\\www\\...', 21, Array)
#1 C:\laragon\www\ak1\system\View\View.php(210): include('C:\\laragon\\www\\...')
#2 C:\laragon\www\ak1\system\View\View.php(213): CodeIgniter\View\View->CodeIgniter\View\{closure}()
#3 C:\laragon\www\ak1\system\Common.php(1089): CodeIgniter\View\View->render('pengajuan_ak1/V...', Array, true)
#4 C:\laragon\www\ak1\app\Controllers\C_pengajuan_ak1.php(19): view('pengajuan_ak1/V...', Array)
#5 C:\laragon\www\ak1\system\CodeIgniter.php(825): App\Controllers\C_pengajuan_ak1->index()
#6 C:\laragon\www\ak1\system\CodeIgniter.php(412): CodeIgniter\CodeIgniter->runController(Object(App\Controllers\C_pengajuan_ak1))
#7 C:\laragon\www\ak1\system\CodeIgniter.php(320): CodeIgniter\CodeIgniter->handleRequest(NULL, Object(Config\Cache), false)
#8 C:\laragon\www\ak1\index.php(37): CodeIgniter\CodeIgniter->run()
#9 {main}
CRITICAL - 2022-04-17 04:11:21 --> Trying to get property 'flag' of non-object
#0 C:\laragon\www\ak1\app\Views\pengajuan_ak1\V_pengajuan_ak1.php(21): CodeIgniter\Debug\Exceptions->errorHandler(8, 'Trying to get p...', 'C:\\laragon\\www\\...', 21, Array)
#1 C:\laragon\www\ak1\system\View\View.php(210): include('C:\\laragon\\www\\...')
#2 C:\laragon\www\ak1\system\View\View.php(213): CodeIgniter\View\View->CodeIgniter\View\{closure}()
#3 C:\laragon\www\ak1\system\Common.php(1089): CodeIgniter\View\View->render('pengajuan_ak1/V...', Array, true)
#4 C:\laragon\www\ak1\app\Controllers\C_pengajuan_ak1.php(19): view('pengajuan_ak1/V...', Array)
#5 C:\laragon\www\ak1\system\CodeIgniter.php(825): App\Controllers\C_pengajuan_ak1->index()
#6 C:\laragon\www\ak1\system\CodeIgniter.php(412): CodeIgniter\CodeIgniter->runController(Object(App\Controllers\C_pengajuan_ak1))
#7 C:\laragon\www\ak1\system\CodeIgniter.php(320): CodeIgniter\CodeIgniter->handleRequest(NULL, Object(Config\Cache), false)
#8 C:\laragon\www\ak1\index.php(37): CodeIgniter\CodeIgniter->run()
#9 {main}
CRITICAL - 2022-04-17 04:11:21 --> Trying to get property 'flag' of non-object
#0 C:\laragon\www\ak1\app\Views\pengajuan_ak1\V_pengajuan_ak1.php(21): CodeIgniter\Debug\Exceptions->errorHandler(8, 'Trying to get p...', 'C:\\laragon\\www\\...', 21, Array)
#1 C:\laragon\www\ak1\system\View\View.php(210): include('C:\\laragon\\www\\...')
#2 C:\laragon\www\ak1\system\View\View.php(213): CodeIgniter\View\View->CodeIgniter\View\{closure}()
#3 C:\laragon\www\ak1\system\Common.php(1089): CodeIgniter\View\View->render('pengajuan_ak1/V...', Array, true)
#4 C:\laragon\www\ak1\app\Controllers\C_pengajuan_ak1.php(19): view('pengajuan_ak1/V...', Array)
#5 C:\laragon\www\ak1\system\CodeIgniter.php(825): App\Controllers\C_pengajuan_ak1->index()
#6 C:\laragon\www\ak1\system\CodeIgniter.php(412): CodeIgniter\CodeIgniter->runController(Object(App\Controllers\C_pengajuan_ak1))
#7 C:\laragon\www\ak1\system\CodeIgniter.php(320): CodeIgniter\CodeIgniter->handleRequest(NULL, Object(Config\Cache), false)
#8 C:\laragon\www\ak1\index.php(37): CodeIgniter\CodeIgniter->run()
#9 {main}
CRITICAL - 2022-04-17 04:11:22 --> Trying to get property 'flag' of non-object
#0 C:\laragon\www\ak1\app\Views\pengajuan_ak1\V_pengajuan_ak1.php(21): CodeIgniter\Debug\Exceptions->errorHandler(8, 'Trying to get p...', 'C:\\laragon\\www\\...', 21, Array)
#1 C:\laragon\www\ak1\system\View\View.php(210): include('C:\\laragon\\www\\...')
#2 C:\laragon\www\ak1\system\View\View.php(213): CodeIgniter\View\View->CodeIgniter\View\{closure}()
#3 C:\laragon\www\ak1\system\Common.php(1089): CodeIgniter\View\View->render('pengajuan_ak1/V...', Array, true)
#4 C:\laragon\www\ak1\app\Controllers\C_pengajuan_ak1.php(19): view('pengajuan_ak1/V...', Array)
#5 C:\laragon\www\ak1\system\CodeIgniter.php(825): App\Controllers\C_pengajuan_ak1->index()
#6 C:\laragon\www\ak1\system\CodeIgniter.php(412): CodeIgniter\CodeIgniter->runController(Object(App\Controllers\C_pengajuan_ak1))
#7 C:\laragon\www\ak1\system\CodeIgniter.php(320): CodeIgniter\CodeIgniter->handleRequest(NULL, Object(Config\Cache), false)
#8 C:\laragon\www\ak1\index.php(37): CodeIgniter\CodeIgniter->run()
#9 {main}
CRITICAL - 2022-04-17 04:11:22 --> Trying to get property 'flag' of non-object
#0 C:\laragon\www\ak1\app\Views\pengajuan_ak1\V_pengajuan_ak1.php(21): CodeIgniter\Debug\Exceptions->errorHandler(8, 'Trying to get p...', 'C:\\laragon\\www\\...', 21, Array)
#1 C:\laragon\www\ak1\system\View\View.php(210): include('C:\\laragon\\www\\...')
#2 C:\laragon\www\ak1\system\View\View.php(213): CodeIgniter\View\View->CodeIgniter\View\{closure}()
#3 C:\laragon\www\ak1\system\Common.php(1089): CodeIgniter\View\View->render('pengajuan_ak1/V...', Array, true)
#4 C:\laragon\www\ak1\app\Controllers\C_pengajuan_ak1.php(19): view('pengajuan_ak1/V...', Array)
#5 C:\laragon\www\ak1\system\CodeIgniter.php(825): App\Controllers\C_pengajuan_ak1->index()
#6 C:\laragon\www\ak1\system\CodeIgniter.php(412): CodeIgniter\CodeIgniter->runController(Object(App\Controllers\C_pengajuan_ak1))
#7 C:\laragon\www\ak1\system\CodeIgniter.php(320): CodeIgniter\CodeIgniter->handleRequest(NULL, Object(Config\Cache), false)
#8 C:\laragon\www\ak1\index.php(37): CodeIgniter\CodeIgniter->run()
#9 {main}
CRITICAL - 2022-04-17 04:11:22 --> Trying to get property 'flag' of non-object
#0 C:\laragon\www\ak1\app\Views\pengajuan_ak1\V_pengajuan_ak1.php(21): CodeIgniter\Debug\Exceptions->errorHandler(8, 'Trying to get p...', 'C:\\laragon\\www\\...', 21, Array)
#1 C:\laragon\www\ak1\system\View\View.php(210): include('C:\\laragon\\www\\...')
#2 C:\laragon\www\ak1\system\View\View.php(213): CodeIgniter\View\View->CodeIgniter\View\{closure}()
#3 C:\laragon\www\ak1\system\Common.php(1089): CodeIgniter\View\View->render('pengajuan_ak1/V...', Array, true)
#4 C:\laragon\www\ak1\app\Controllers\C_pengajuan_ak1.php(19): view('pengajuan_ak1/V...', Array)
#5 C:\laragon\www\ak1\system\CodeIgniter.php(825): App\Controllers\C_pengajuan_ak1->index()
#6 C:\laragon\www\ak1\system\CodeIgniter.php(412): CodeIgniter\CodeIgniter->runController(Object(App\Controllers\C_pengajuan_ak1))
#7 C:\laragon\www\ak1\system\CodeIgniter.php(320): CodeIgniter\CodeIgniter->handleRequest(NULL, Object(Config\Cache), false)
#8 C:\laragon\www\ak1\index.php(37): CodeIgniter\CodeIgniter->run()
#9 {main}
CRITICAL - 2022-04-17 04:11:22 --> Trying to get property 'flag' of non-object
#0 C:\laragon\www\ak1\app\Views\pengajuan_ak1\V_pengajuan_ak1.php(21): CodeIgniter\Debug\Exceptions->errorHandler(8, 'Trying to get p...', 'C:\\laragon\\www\\...', 21, Array)
#1 C:\laragon\www\ak1\system\View\View.php(210): include('C:\\laragon\\www\\...')
#2 C:\laragon\www\ak1\system\View\View.php(213): CodeIgniter\View\View->CodeIgniter\View\{closure}()
#3 C:\laragon\www\ak1\system\Common.php(1089): CodeIgniter\View\View->render('pengajuan_ak1/V...', Array, true)
#4 C:\laragon\www\ak1\app\Controllers\C_pengajuan_ak1.php(19): view('pengajuan_ak1/V...', Array)
#5 C:\laragon\www\ak1\system\CodeIgniter.php(825): App\Controllers\C_pengajuan_ak1->index()
#6 C:\laragon\www\ak1\system\CodeIgniter.php(412): CodeIgniter\CodeIgniter->runController(Object(App\Controllers\C_pengajuan_ak1))
#7 C:\laragon\www\ak1\system\CodeIgniter.php(320): CodeIgniter\CodeIgniter->handleRequest(NULL, Object(Config\Cache), false)
#8 C:\laragon\www\ak1\index.php(37): CodeIgniter\CodeIgniter->run()
#9 {main}
CRITICAL - 2022-04-17 04:11:24 --> Trying to get property 'flag' of non-object
#0 C:\laragon\www\ak1\app\Views\pengajuan_ak1\V_pengajuan_ak1.php(21): CodeIgniter\Debug\Exceptions->errorHandler(8, 'Trying to get p...', 'C:\\laragon\\www\\...', 21, Array)
#1 C:\laragon\www\ak1\system\View\View.php(210): include('C:\\laragon\\www\\...')
#2 C:\laragon\www\ak1\system\View\View.php(213): CodeIgniter\View\View->CodeIgniter\View\{closure}()
#3 C:\laragon\www\ak1\system\Common.php(1089): CodeIgniter\View\View->render('pengajuan_ak1/V...', Array, true)
#4 C:\laragon\www\ak1\app\Controllers\C_pengajuan_ak1.php(19): view('pengajuan_ak1/V...', Array)
#5 C:\laragon\www\ak1\system\CodeIgniter.php(825): App\Controllers\C_pengajuan_ak1->index()
#6 C:\laragon\www\ak1\system\CodeIgniter.php(412): CodeIgniter\CodeIgniter->runController(Object(App\Controllers\C_pengajuan_ak1))
#7 C:\laragon\www\ak1\system\CodeIgniter.php(320): CodeIgniter\CodeIgniter->handleRequest(NULL, Object(Config\Cache), false)
#8 C:\laragon\www\ak1\index.php(37): CodeIgniter\CodeIgniter->run()
#9 {main}
CRITICAL - 2022-04-17 04:12:07 --> Trying to get property 'flag' of non-object
#0 C:\laragon\www\ak1\app\Views\pengajuan_ak1\V_pengajuan_ak1.php(21): CodeIgniter\Debug\Exceptions->errorHandler(8, 'Trying to get p...', 'C:\\laragon\\www\\...', 21, Array)
#1 C:\laragon\www\ak1\system\View\View.php(210): include('C:\\laragon\\www\\...')
#2 C:\laragon\www\ak1\system\View\View.php(213): CodeIgniter\View\View->CodeIgniter\View\{closure}()
#3 C:\laragon\www\ak1\system\Common.php(1089): CodeIgniter\View\View->render('pengajuan_ak1/V...', Array, true)
#4 C:\laragon\www\ak1\app\Controllers\C_pengajuan_ak1.php(19): view('pengajuan_ak1/V...', Array)
#5 C:\laragon\www\ak1\system\CodeIgniter.php(825): App\Controllers\C_pengajuan_ak1->index()
#6 C:\laragon\www\ak1\system\CodeIgniter.php(412): CodeIgniter\CodeIgniter->runController(Object(App\Controllers\C_pengajuan_ak1))
#7 C:\laragon\www\ak1\system\CodeIgniter.php(320): CodeIgniter\CodeIgniter->handleRequest(NULL, Object(Config\Cache), false)
#8 C:\laragon\www\ak1\index.php(37): CodeIgniter\CodeIgniter->run()
#9 {main}
CRITICAL - 2022-04-17 04:12:57 --> Trying to get property 'flag' of non-object
#0 C:\laragon\www\ak1\app\Views\pengajuan_ak1\V_pengajuan_ak1.php(21): CodeIgniter\Debug\Exceptions->errorHandler(8, 'Trying to get p...', 'C:\\laragon\\www\\...', 21, Array)
#1 C:\laragon\www\ak1\system\View\View.php(210): include('C:\\laragon\\www\\...')
#2 C:\laragon\www\ak1\system\View\View.php(213): CodeIgniter\View\View->CodeIgniter\View\{closure}()
#3 C:\laragon\www\ak1\system\Common.php(1089): CodeIgniter\View\View->render('pengajuan_ak1/V...', Array, true)
#4 C:\laragon\www\ak1\app\Controllers\C_pengajuan_ak1.php(19): view('pengajuan_ak1/V...', Array)
#5 C:\laragon\www\ak1\system\CodeIgniter.php(825): App\Controllers\C_pengajuan_ak1->index()
#6 C:\laragon\www\ak1\system\CodeIgniter.php(412): CodeIgniter\CodeIgniter->runController(Object(App\Controllers\C_pengajuan_ak1))
#7 C:\laragon\www\ak1\system\CodeIgniter.php(320): CodeIgniter\CodeIgniter->handleRequest(NULL, Object(Config\Cache), false)
#8 C:\laragon\www\ak1\index.php(37): CodeIgniter\CodeIgniter->run()
#9 {main}
CRITICAL - 2022-04-17 04:12:58 --> Trying to get property 'flag' of non-object
#0 C:\laragon\www\ak1\app\Views\pengajuan_ak1\V_pengajuan_ak1.php(21): CodeIgniter\Debug\Exceptions->errorHandler(8, 'Trying to get p...', 'C:\\laragon\\www\\...', 21, Array)
#1 C:\laragon\www\ak1\system\View\View.php(210): include('C:\\laragon\\www\\...')
#2 C:\laragon\www\ak1\system\View\View.php(213): CodeIgniter\View\View->CodeIgniter\View\{closure}()
#3 C:\laragon\www\ak1\system\Common.php(1089): CodeIgniter\View\View->render('pengajuan_ak1/V...', Array, true)
#4 C:\laragon\www\ak1\app\Controllers\C_pengajuan_ak1.php(19): view('pengajuan_ak1/V...', Array)
#5 C:\laragon\www\ak1\system\CodeIgniter.php(825): App\Controllers\C_pengajuan_ak1->index()
#6 C:\laragon\www\ak1\system\CodeIgniter.php(412): CodeIgniter\CodeIgniter->runController(Object(App\Controllers\C_pengajuan_ak1))
#7 C:\laragon\www\ak1\system\CodeIgniter.php(320): CodeIgniter\CodeIgniter->handleRequest(NULL, Object(Config\Cache), false)
#8 C:\laragon\www\ak1\index.php(37): CodeIgniter\CodeIgniter->run()
#9 {main}
CRITICAL - 2022-04-17 04:12:59 --> Trying to get property 'flag' of non-object
#0 C:\laragon\www\ak1\app\Views\pengajuan_ak1\V_pengajuan_ak1.php(21): CodeIgniter\Debug\Exceptions->errorHandler(8, 'Trying to get p...', 'C:\\laragon\\www\\...', 21, Array)
#1 C:\laragon\www\ak1\system\View\View.php(210): include('C:\\laragon\\www\\...')
#2 C:\laragon\www\ak1\system\View\View.php(213): CodeIgniter\View\View->CodeIgniter\View\{closure}()
#3 C:\laragon\www\ak1\system\Common.php(1089): CodeIgniter\View\View->render('pengajuan_ak1/V...', Array, true)
#4 C:\laragon\www\ak1\app\Controllers\C_pengajuan_ak1.php(19): view('pengajuan_ak1/V...', Array)
#5 C:\laragon\www\ak1\system\CodeIgniter.php(825): App\Controllers\C_pengajuan_ak1->index()
#6 C:\laragon\www\ak1\system\CodeIgniter.php(412): CodeIgniter\CodeIgniter->runController(Object(App\Controllers\C_pengajuan_ak1))
#7 C:\laragon\www\ak1\system\CodeIgniter.php(320): CodeIgniter\CodeIgniter->handleRequest(NULL, Object(Config\Cache), false)
#8 C:\laragon\www\ak1\index.php(37): CodeIgniter\CodeIgniter->run()
#9 {main}
CRITICAL - 2022-04-17 04:13:03 --> Trying to get property 'flag' of non-object
#0 C:\laragon\www\ak1\app\Views\pengajuan_ak1\V_pengajuan_ak1.php(21): CodeIgniter\Debug\Exceptions->errorHandler(8, 'Trying to get p...', 'C:\\laragon\\www\\...', 21, Array)
#1 C:\laragon\www\ak1\system\View\View.php(210): include('C:\\laragon\\www\\...')
#2 C:\laragon\www\ak1\system\View\View.php(213): CodeIgniter\View\View->CodeIgniter\View\{closure}()
#3 C:\laragon\www\ak1\system\Common.php(1089): CodeIgniter\View\View->render('pengajuan_ak1/V...', Array, true)
#4 C:\laragon\www\ak1\app\Controllers\C_pengajuan_ak1.php(19): view('pengajuan_ak1/V...', Array)
#5 C:\laragon\www\ak1\system\CodeIgniter.php(825): App\Controllers\C_pengajuan_ak1->index()
#6 C:\laragon\www\ak1\system\CodeIgniter.php(412): CodeIgniter\CodeIgniter->runController(Object(App\Controllers\C_pengajuan_ak1))
#7 C:\laragon\www\ak1\system\CodeIgniter.php(320): CodeIgniter\CodeIgniter->handleRequest(NULL, Object(Config\Cache), false)
#8 C:\laragon\www\ak1\index.php(37): CodeIgniter\CodeIgniter->run()
#9 {main}
CRITICAL - 2022-04-17 04:13:16 --> Trying to get property 'flag' of non-object
#0 C:\laragon\www\ak1\app\Views\pengajuan_ak1\V_pengajuan_ak1.php(21): CodeIgniter\Debug\Exceptions->errorHandler(8, 'Trying to get p...', 'C:\\laragon\\www\\...', 21, Array)
#1 C:\laragon\www\ak1\system\View\View.php(210): include('C:\\laragon\\www\\...')
#2 C:\laragon\www\ak1\system\View\View.php(213): CodeIgniter\View\View->CodeIgniter\View\{closure}()
#3 C:\laragon\www\ak1\system\Common.php(1089): CodeIgniter\View\View->render('pengajuan_ak1/V...', Array, true)
#4 C:\laragon\www\ak1\app\Controllers\C_pengajuan_ak1.php(19): view('pengajuan_ak1/V...', Array)
#5 C:\laragon\www\ak1\system\CodeIgniter.php(825): App\Controllers\C_pengajuan_ak1->index()
#6 C:\laragon\www\ak1\system\CodeIgniter.php(412): CodeIgniter\CodeIgniter->runController(Object(App\Controllers\C_pengajuan_ak1))
#7 C:\laragon\www\ak1\system\CodeIgniter.php(320): CodeIgniter\CodeIgniter->handleRequest(NULL, Object(Config\Cache), false)
#8 C:\laragon\www\ak1\index.php(37): CodeIgniter\CodeIgniter->run()
#9 {main}
