CRITICAL - 2022-08-15 23:46:32 --> Undefined variable: level
#0 C:\laragon\www\ak1\app\Views\template\V_menu.php(25): CodeIgniter\Debug\Exceptions->errorHandler(8, 'Undefined varia...', 'C:\\laragon\\www\\...', 25, Array)
#1 C:\laragon\www\ak1\system\View\View.php(210): include('C:\\laragon\\www\\...')
#2 C:\laragon\www\ak1\system\View\View.php(213): CodeIgniter\View\View->CodeIgniter\View\{closure}()
#3 C:\laragon\www\ak1\system\View\View.php(424): CodeIgniter\View\View->render('template/V_menu', NULL, true)
#4 C:\laragon\www\ak1\app\Views\template\V_main.php(77): CodeIgniter\View\View->include('template/V_menu')
#5 C:\laragon\www\ak1\system\View\View.php(210): include('C:\\laragon\\www\\...')
#6 C:\laragon\www\ak1\system\View\View.php(213): CodeIgniter\View\View->CodeIgniter\View\{closure}()
#7 C:\laragon\www\ak1\system\View\View.php(226): CodeIgniter\View\View->render('template/V_main', Array, true)
#8 C:\laragon\www\ak1\system\Common.php(1089): CodeIgniter\View\View->render('pencaker/V_list...', Array, true)
#9 C:\laragon\www\ak1\app\Controllers\C_pencaker.php(15): view('pencaker/V_list...', Array)
#10 C:\laragon\www\ak1\system\CodeIgniter.php(825): App\Controllers\C_pencaker->index()
#11 C:\laragon\www\ak1\system\CodeIgniter.php(412): CodeIgniter\CodeIgniter->runController(Object(App\Controllers\C_pencaker))
#12 C:\laragon\www\ak1\system\CodeIgniter.php(320): CodeIgniter\CodeIgniter->handleRequest(NULL, Object(Config\Cache), false)
#13 C:\laragon\www\ak1\index.php(37): CodeIgniter\CodeIgniter->run()
#14 {main}
CRITICAL - 2022-08-15 23:46:33 --> Undefined variable: level
#0 C:\laragon\www\ak1\app\Views\template\V_menu.php(25): CodeIgniter\Debug\Exceptions->errorHandler(8, 'Undefined varia...', 'C:\\laragon\\www\\...', 25, Array)
#1 C:\laragon\www\ak1\system\View\View.php(210): include('C:\\laragon\\www\\...')
#2 C:\laragon\www\ak1\system\View\View.php(213): CodeIgniter\View\View->CodeIgniter\View\{closure}()
#3 C:\laragon\www\ak1\system\View\View.php(424): CodeIgniter\View\View->render('template/V_menu', NULL, true)
#4 C:\laragon\www\ak1\app\Views\template\V_main.php(77): CodeIgniter\View\View->include('template/V_menu')
#5 C:\laragon\www\ak1\system\View\View.php(210): include('C:\\laragon\\www\\...')
#6 C:\laragon\www\ak1\system\View\View.php(213): CodeIgniter\View\View->CodeIgniter\View\{closure}()
#7 C:\laragon\www\ak1\system\View\View.php(226): CodeIgniter\View\View->render('template/V_main', Array, true)
#8 C:\laragon\www\ak1\system\Common.php(1089): CodeIgniter\View\View->render('pencaker/V_deta...', Array, true)
#9 C:\laragon\www\ak1\app\Controllers\C_pencaker.php(30): view('pencaker/V_deta...', Array)
#10 C:\laragon\www\ak1\system\CodeIgniter.php(825): App\Controllers\C_pencaker->detail('2')
#11 C:\laragon\www\ak1\system\CodeIgniter.php(412): CodeIgniter\CodeIgniter->runController(Object(App\Controllers\C_pencaker))
#12 C:\laragon\www\ak1\system\CodeIgniter.php(320): CodeIgniter\CodeIgniter->handleRequest(NULL, Object(Config\Cache), false)
#13 C:\laragon\www\ak1\index.php(37): CodeIgniter\CodeIgniter->run()
#14 {main}
CRITICAL - 2022-08-15 23:46:35 --> Undefined variable: level
#0 C:\laragon\www\ak1\app\Views\template\V_menu.php(25): CodeIgniter\Debug\Exceptions->errorHandler(8, 'Undefined varia...', 'C:\\laragon\\www\\...', 25, Array)
#1 C:\laragon\www\ak1\system\View\View.php(210): include('C:\\laragon\\www\\...')
#2 C:\laragon\www\ak1\system\View\View.php(213): CodeIgniter\View\View->CodeIgniter\View\{closure}()
#3 C:\laragon\www\ak1\system\View\View.php(424): CodeIgniter\View\View->render('template/V_menu', NULL, true)
#4 C:\laragon\www\ak1\app\Views\template\V_main.php(77): CodeIgniter\View\View->include('template/V_menu')
#5 C:\laragon\www\ak1\system\View\View.php(210): include('C:\\laragon\\www\\...')
#6 C:\laragon\www\ak1\system\View\View.php(213): CodeIgniter\View\View->CodeIgniter\View\{closure}()
#7 C:\laragon\www\ak1\system\View\View.php(226): CodeIgniter\View\View->render('template/V_main', Array, true)
#8 C:\laragon\www\ak1\system\Common.php(1089): CodeIgniter\View\View->render('pencaker/V_list...', Array, true)
#9 C:\laragon\www\ak1\app\Controllers\C_pencaker.php(15): view('pencaker/V_list...', Array)
#10 C:\laragon\www\ak1\system\CodeIgniter.php(825): App\Controllers\C_pencaker->index()
#11 C:\laragon\www\ak1\system\CodeIgniter.php(412): CodeIgniter\CodeIgniter->runController(Object(App\Controllers\C_pencaker))
#12 C:\laragon\www\ak1\system\CodeIgniter.php(320): CodeIgniter\CodeIgniter->handleRequest(NULL, Object(Config\Cache), false)
#13 C:\laragon\www\ak1\index.php(37): CodeIgniter\CodeIgniter->run()
#14 {main}
